[2.200s] Invoking command in '/home/mihkel/School/ros-packages/nav2_ws/build/nav2_voxel_grid': AMENT_PREFIX_PATH=/home/mihkel/School/ros-packages/nav2_ws/install/nav2_common:${AMENT_PREFIX_PATH} CMAKE_PREFIX_PATH=/home/mihkel/School/ros-packages/nav2_ws/install/nav2_common:/opt/ros/humble PYTHONPATH=/home/mihkel/School/ros-packages/nav2_ws/install/nav2_common/local/lib/python3.10/dist-packages:${PYTHONPATH} /home/mihkel/.local/bin/cmake /home/mihkel/School/ros-packages/nav2_ws/src/navigation2/nav2_voxel_grid -DAMENT_CMAKE_SYMLINK_INSTALL=1 -DCMAKE_INSTALL_PREFIX=/home/mihkel/School/ros-packages/nav2_ws/install/nav2_voxel_grid
[2.759s] -- The C compiler identification is GNU 11.4.0
[3.454s] -- The CXX compiler identification is GNU 11.4.0
[3.667s] -- Detecting C compiler ABI info
[4.578s] -- Detecting C compiler ABI info - done
[4.820s] -- Check for working C compiler: /usr/bin/cc - skipped
[4.829s] -- Detecting C compile features
[4.851s] -- Detecting C compile features - done
[4.992s] -- Detecting CXX compiler ABI info
[5.679s] -- Detecting CXX compiler ABI info - done
[5.844s] -- Check for working CXX compiler: /usr/bin/c++ - skipped
[5.846s] -- Detecting CXX compile features
[5.861s] -- Detecting CXX compile features - done
[5.883s] -- Found ament_cmake: 1.3.6 (/opt/ros/humble/share/ament_cmake/cmake)
[16.349s] -- Found Python3: /usr/bin/python3.10 (found version "3.10.12") found components: Interpreter 
[17.256s] -- Override CMake install command with custom implementation using symlinks instead of copying resources
[17.722s] -- Found nav2_common: 1.1.12 (/home/mihkel/School/ros-packages/nav2_ws/install/nav2_common/share/nav2_common/cmake)
[17.748s] -- Found rclcpp: 16.0.7 (/opt/ros/humble/share/rclcpp/cmake)
[18.529s] -- Found rosidl_generator_c: 3.1.5 (/opt/ros/humble/share/rosidl_generator_c/cmake)
[18.612s] -- Found rosidl_adapter: 3.1.5 (/opt/ros/humble/share/rosidl_adapter/cmake)
[18.756s] -- Found rosidl_generator_cpp: 3.1.5 (/opt/ros/humble/share/rosidl_generator_cpp/cmake)
[18.986s] -- Using all available rosidl_typesupport_c: rosidl_typesupport_fastrtps_c;rosidl_typesupport_introspection_c
[19.380s] -- Using all available rosidl_typesupport_cpp: rosidl_typesupport_fastrtps_cpp;rosidl_typesupport_introspection_cpp
[20.918s] -- Found rmw_implementation_cmake: 6.1.1 (/opt/ros/humble/share/rmw_implementation_cmake/cmake)
[20.956s] -- Found rmw_fastrtps_cpp: 6.2.5 (/opt/ros/humble/share/rmw_fastrtps_cpp/cmake)
[22.588s] -- Found OpenSSL: /usr/lib/x86_64-linux-gnu/libcrypto.so (found version "3.0.2")  
[23.049s] -- Found FastRTPS: /opt/ros/humble/include  
[23.768s] -- Using RMW implementation 'rmw_fastrtps_cpp' as default
[23.943s] -- Performing Test CMAKE_HAVE_LIBC_PTHREAD
[24.910s] -- Performing Test CMAKE_HAVE_LIBC_PTHREAD - Success
[24.916s] -- Found Threads: TRUE  
[28.533s] -- Setting build type to Release as none was specified.
[28.566s] -- Found ament_lint_auto: 0.12.9 (/opt/ros/humble/share/ament_lint_auto/cmake)
[29.836s] -- Found gtest sources under '/opt/ros/humble/src/gtest_vendor': C++ tests using 'Google Test' will be built
[30.028s] -- Added test 'cppcheck' to perform static code analysis on C / C++ code
[30.030s] -- Configured cppcheck include dirs: /home/mihkel/School/ros-packages/nav2_ws/src/navigation2/nav2_voxel_grid/include
[30.030s] -- Configured cppcheck exclude dirs and/or files: 
[30.036s] -- Added test 'cpplint' to check C / C++ code against the Google style
[30.037s] -- Configured cpplint exclude dirs and/or files: 
[30.056s] -- Added test 'lint_cmake' to check CMake code style
[30.064s] -- Added test 'uncrustify' to check C / C++ code style
[30.064s] -- Configured uncrustify additional arguments: 
[30.080s] -- Added test 'xmllint' to check XML markup files
[30.115s] -- Configuring done (27.7s)
[30.262s] -- Generating done (0.1s)
[30.278s] -- Build files have been written to: /home/mihkel/School/ros-packages/nav2_ws/build/nav2_voxel_grid
[30.389s] Invoked command in '/home/mihkel/School/ros-packages/nav2_ws/build/nav2_voxel_grid' returned '0': AMENT_PREFIX_PATH=/home/mihkel/School/ros-packages/nav2_ws/install/nav2_common:${AMENT_PREFIX_PATH} CMAKE_PREFIX_PATH=/home/mihkel/School/ros-packages/nav2_ws/install/nav2_common:/opt/ros/humble PYTHONPATH=/home/mihkel/School/ros-packages/nav2_ws/install/nav2_common/local/lib/python3.10/dist-packages:${PYTHONPATH} /home/mihkel/.local/bin/cmake /home/mihkel/School/ros-packages/nav2_ws/src/navigation2/nav2_voxel_grid -DAMENT_CMAKE_SYMLINK_INSTALL=1 -DCMAKE_INSTALL_PREFIX=/home/mihkel/School/ros-packages/nav2_ws/install/nav2_voxel_grid
[30.407s] Invoking command in '/home/mihkel/School/ros-packages/nav2_ws/build/nav2_voxel_grid': AMENT_PREFIX_PATH=/home/mihkel/School/ros-packages/nav2_ws/install/nav2_common:${AMENT_PREFIX_PATH} CMAKE_PREFIX_PATH=/home/mihkel/School/ros-packages/nav2_ws/install/nav2_common:/opt/ros/humble PYTHONPATH=/home/mihkel/School/ros-packages/nav2_ws/install/nav2_common/local/lib/python3.10/dist-packages:${PYTHONPATH} /home/mihkel/.local/bin/cmake --build /home/mihkel/School/ros-packages/nav2_ws/build/nav2_voxel_grid -- -j12 -l12
[30.920s] [ 10%] [32mBuilding CXX object CMakeFiles/voxel_grid.dir/src/voxel_grid.cpp.o[0m
[32.777s] gmake[2]: *** [CMakeFiles/voxel_grid.dir/build.make:76: CMakeFiles/voxel_grid.dir/src/voxel_grid.cpp.o] Interrupt
[32.777s] Traceback (most recent call last):
[32.779s]   File "/home/mihkel/.local/bin/cmake", line 8, in <module>
[32.781s]     sys.exit(cmake())
[32.786s]   File "/home/mihkel/.local/lib/python3.10/site-packages/cmake/__init__.py", line 47, in cmake
[32.792s] gmake[1]: *** [CMakeFiles/Makefile2:174: CMakeFiles/voxel_grid.dir/all] Interrupt
[32.798s] gmake: *** [Makefile:146: all] Interrupt
[32.836s]     raise SystemExit(_program('cmake', sys.argv[1:]))
[32.836s]   File "/home/mihkel/.local/lib/python3.10/site-packages/cmake/__init__.py", line 43, in _program
[32.836s]     return subprocess.call([os.path.join(CMAKE_BIN_DIR, name)] + args, close_fds=False)
[32.837s]   File "/usr/lib/python3.10/subprocess.py", line 347, in call
[32.862s]     return p.wait(timeout=timeout)
[32.862s]   File "/usr/lib/python3.10/subprocess.py", line 1209, in wait
[32.863s]     return self._wait(timeout=timeout)
[32.863s]   File "/usr/lib/python3.10/subprocess.py", line 1959, in _wait
[32.866s]     (pid, sts) = self._try_wait(0)
[32.866s]   File "/usr/lib/python3.10/subprocess.py", line 1917, in _try_wait
[32.866s]     (pid, sts) = os.waitpid(self.pid, wait_flags)
[32.866s] KeyboardInterrupt
[32.900s] Invoked command in '/home/mihkel/School/ros-packages/nav2_ws/build/nav2_voxel_grid' returned '-2': AMENT_PREFIX_PATH=/home/mihkel/School/ros-packages/nav2_ws/install/nav2_common:${AMENT_PREFIX_PATH} CMAKE_PREFIX_PATH=/home/mihkel/School/ros-packages/nav2_ws/install/nav2_common:/opt/ros/humble PYTHONPATH=/home/mihkel/School/ros-packages/nav2_ws/install/nav2_common/local/lib/python3.10/dist-packages:${PYTHONPATH} /home/mihkel/.local/bin/cmake --build /home/mihkel/School/ros-packages/nav2_ws/build/nav2_voxel_grid -- -j12 -l12
