[0mCMake Deprecation Warning at CMakeLists.txt:1 (cmake_minimum_required):
  Compatibility with CMake < 3.5 will be removed from a future version of
  CMake.

  Update the VERSION argument <min> value or use a ...<max> suffix to tell
  CMake that the project does not need compatibility with older versions.

[0m
-- The C compiler identification is GNU 11.4.0
-- The CXX compiler identification is GNU 11.4.0
-- Detecting C compiler ABI info
-- Detecting C compiler ABI info - done
-- Check for working C compiler: /usr/bin/cc - skipped
-- Detecting C compile features
-- Detecting C compile features - done
-- Detecting CXX compiler ABI info
-- Detecting CXX compiler ABI info - done
-- Check for working CXX compiler: /usr/bin/c++ - skipped
-- Detecting CXX compile features
-- Detecting CXX compile features - done
-- CMake version: 3.28.1
-- Found Eigen3: /usr/include/eigen3 (Required is at least version "3.3.0") 
-- Turning basic logging OFF
-- Configuring done (1.8s)
-- Generating done (0.1s)
-- Build files have been written to: /home/mihkel/School/ThesisPractical/ros2_ws/build/sophus
[  3%] [32mBuilding CXX object test/core/CMakeFiles/test_common.dir/test_common.cpp.o[0m
[ 10%] [32mBuilding CXX object test/core/CMakeFiles/test_cartesian2.dir/test_cartesian2.cpp.o[0m
[ 10%] [32mBuilding CXX object test/core/CMakeFiles/test_cartesian3.dir/test_cartesian3.cpp.o[0m
[ 14%] [32mBuilding CXX object test/core/CMakeFiles/test_se2.dir/test_se2.cpp.o[0m
[ 17%] [32mBuilding CXX object test/core/CMakeFiles/test_so2.dir/test_so2.cpp.o[0m
[ 21%] [32mBuilding CXX object test/core/CMakeFiles/test_rxso2.dir/test_rxso2.cpp.o[0m
[ 25%] [32mBuilding CXX object test/core/CMakeFiles/test_sim2.dir/test_sim2.cpp.o[0m
[ 28%] [32mBuilding CXX object test/core/CMakeFiles/test_se3.dir/test_se3.cpp.o[0m
[ 32%] [32mBuilding CXX object test/core/CMakeFiles/test_so3.dir/test_so3.cpp.o[0m
[ 35%] [32mBuilding CXX object test/core/CMakeFiles/test_rxso3.dir/test_rxso3.cpp.o[0m
[ 39%] [32mBuilding CXX object test/core/CMakeFiles/test_velocities.dir/test_velocities.cpp.o[0m
[ 42%] [32mBuilding CXX object test/core/CMakeFiles/test_sim3.dir/test_sim3.cpp.o[0m
gmake[2]: *** wait: No child processes.  Stop.
gmake[2]: *** Waiting for unfinished jobs....
gmake[2]: *** wait: No child processes.  Stop.
gmake[2]: *** wait: No child processes.  Stop.
gmake[2]: *** Waiting for unfinished jobs....
gmake[2]: *** wait: No child processes.  Stop.
gmake[2]: *** [test/core/CMakeFiles/test_so2.dir/build.make:76: test/core/CMakeFiles/test_so2.dir/test_so2.cpp.o] Interrupt
gmake[2]: *** [test/core/CMakeFiles/test_sim3.dir/build.make:76: test/core/CMakeFiles/test_sim3.dir/test_sim3.cpp.o] Interrupt
gmake[1]: *** [CMakeFiles/Makefile2:200: test/core/CMakeFiles/test_common.dir/all] Error 2
gmake[1]: *** [CMakeFiles/Makefile2:304: test/core/CMakeFiles/test_se2.dir/all] Error 2
gmake[2]: *** wait: No child processes.  Stop.
gmake[2]: *** Waiting for unfinished jobs....
gmake[2]: *** wait: No child processes.  Stop.
Traceback (most recent call last):
  File "/home/mihkel/.local/bin/cmake", line 8, in <module>
gmake[1]: *** [CMakeFiles/Makefile2:278: test/core/CMakeFiles/test_so2.dir/all] Interrupt
gmake[2]: *** [test/core/CMakeFiles/test_velocities.dir/build.make:76: test/core/CMakeFiles/test_velocities.dir/test_velocities.cpp.o] Interrupt
gmake[1]: *** [CMakeFiles/Makefile2:460: test/core/CMakeFiles/test_sim3.dir/all] Interrupt
    sys.exit(cmake())
gmake[1]: *** [CMakeFiles/Makefile2:408: test/core/CMakeFiles/test_se3.dir/all] Error 2
  File "/home/mihkel/.local/lib/python3.10/site-packages/cmake/__init__.py", line 47, in cmake
gmake[1]: *** [CMakeFiles/Makefile2:486: test/core/CMakeFiles/test_velocities.dir/all] Interrupt
gmake[2]: *** wait: No child processes.  Stop.
gmake[2]: *** Waiting for unfinished jobs....
gmake[2]: *** wait: No child processes.  Stop.
gmake[2]: *** [test/core/CMakeFiles/test_rxso3.dir/build.make:76: test/core/CMakeFiles/test_rxso3.dir/test_rxso3.cpp.o] Interrupt
gmake[1]: *** [CMakeFiles/Makefile2:382: test/core/CMakeFiles/test_so3.dir/all] Error 2
gmake[1]: *** [CMakeFiles/Makefile2:434: test/core/CMakeFiles/test_rxso3.dir/all] Interrupt
gmake[2]: *** wait: No child processes.  Stop.
gmake[2]: *** Waiting for unfinished jobs....
gmake[2]: *** wait: No child processes.  Stop.
gmake[1]: *** [CMakeFiles/Makefile2:252: test/core/CMakeFiles/test_cartesian3.dir/all] Error 2
gmake[2]: *** wait: No child processes.  Stop.
gmake[2]: *** Waiting for unfinished jobs....
gmake[2]: *** wait: No child processes.  Stop.
gmake[1]: *** [CMakeFiles/Makefile2:226: test/core/CMakeFiles/test_cartesian2.dir/all] Error 2
gmake[2]: *** [test/core/CMakeFiles/test_rxso2.dir/build.make:76: test/core/CMakeFiles/test_rxso2.dir/test_rxso2.cpp.o] Interrupt
gmake[2]: *** [test/core/CMakeFiles/test_sim2.dir/build.make:76: test/core/CMakeFiles/test_sim2.dir/test_sim2.cpp.o] Interrupt
gmake[1]: *** [CMakeFiles/Makefile2:330: test/core/CMakeFiles/test_rxso2.dir/all] Interrupt
gmake[1]: *** [CMakeFiles/Makefile2:356: test/core/CMakeFiles/test_sim2.dir/all] Interrupt
gmake: *** [Makefile:146: all] Interrupt
    raise SystemExit(_program('cmake', sys.argv[1:]))
  File "/home/mihkel/.local/lib/python3.10/site-packages/cmake/__init__.py", line 43, in _program
    return subprocess.call([os.path.join(CMAKE_BIN_DIR, name)] + args, close_fds=False)
  File "/usr/lib/python3.10/subprocess.py", line 347, in call
    return p.wait(timeout=timeout)
  File "/usr/lib/python3.10/subprocess.py", line 1209, in wait
    return self._wait(timeout=timeout)
  File "/usr/lib/python3.10/subprocess.py", line 1959, in _wait
    (pid, sts) = self._try_wait(0)
  File "/usr/lib/python3.10/subprocess.py", line 1917, in _try_wait
    (pid, sts) = os.waitpid(self.pid, wait_flags)
KeyboardInterrupt
