[0.756s] Invoking command in '/home/mihkel/School/ThesisPractical/rtabmap_ws/build/rtabmap_sync': AMENT_PREFIX_PATH=/home/mihkel/School/ThesisPractical/rtabmap_ws/install/rtabmap_conversions:${AMENT_PREFIX_PATH} CMAKE_PREFIX_PATH=/home/mihkel/School/ThesisPractical/rtabmap_ws/install/rtabmap_conversions:/opt/ros/humble:/home/mihkel/School/ThesisPractical/rtabmap_ws/install/rtabmap_msgs:/home/mihkel/School/ThesisPractical/rtabmap_ws/install/rtabmap LD_LIBRARY_PATH=/home/mihkel/School/ThesisPractical/rtabmap_ws/install/rtabmap_conversions/lib:/home/mihkel/School/ThesisPractical/rtabmap_ws/install/rtabmap_msgs/lib:/home/mihkel/School/ThesisPractical/rtabmap_ws/install/rtabmap/lib:${LD_LIBRARY_PATH} PATH=/home/mihkel/School/ThesisPractical/rtabmap_ws/install/rtabmap/bin:${PATH} PKG_CONFIG_PATH=/home/mihkel/School/ThesisPractical/rtabmap_ws/install/rtabmap_msgs/lib/x86_64-linux-gnu/pkgconfig:/home/mihkel/School/ThesisPractical/rtabmap_ws/install/rtabmap_msgs/lib/pkgconfig:/home/mihkel/School/ThesisPractical/rtabmap_ws/install/rtabmap/lib/x86_64-linux-gnu/pkgconfig:/home/mihkel/School/ThesisPractical/rtabmap_ws/install/rtabmap/lib/pkgconfig PYTHONPATH=/home/mihkel/School/ThesisPractical/rtabmap_ws/install/rtabmap_msgs/local/lib/python3.10/dist-packages:${PYTHONPATH} ROS_PACKAGE_PATH=/home/mihkel/School/ThesisPractical/rtabmap_ws/install/rtabmap_msgs/share /home/mihkel/.local/bin/cmake /home/mihkel/School/ThesisPractical/rtabmap_ws/src/rtabmap_ros/rtabmap_sync -DCMAKE_INSTALL_PREFIX=/home/mihkel/School/ThesisPractical/rtabmap_ws/install/rtabmap_sync
[0.883s] -- Found cv_bridge: 3.2.1 (/opt/ros/humble/share/cv_bridge/cmake)
[1.920s] -- Override CMake install command with custom implementation using symlinks instead of copying resources
[2.126s] -- Found rosidl_generator_c: 3.1.5 (/opt/ros/humble/share/rosidl_generator_c/cmake)
[2.139s] -- Found rosidl_adapter: 3.1.5 (/opt/ros/humble/share/rosidl_adapter/cmake)
[2.169s] -- Found rosidl_generator_cpp: 3.1.5 (/opt/ros/humble/share/rosidl_generator_cpp/cmake)
[2.230s] -- Using all available rosidl_typesupport_c: rosidl_typesupport_fastrtps_c;rosidl_typesupport_introspection_c
[2.312s] -- Using all available rosidl_typesupport_cpp: rosidl_typesupport_fastrtps_cpp;rosidl_typesupport_introspection_cpp
[3.414s] -- Found image_transport: 3.1.7 (/opt/ros/humble/share/image_transport/cmake)
[3.686s] -- Found rmw_implementation_cmake: 6.1.1 (/opt/ros/humble/share/rmw_implementation_cmake/cmake)
[3.692s] -- Found rmw_fastrtps_cpp: 6.2.5 (/opt/ros/humble/share/rmw_fastrtps_cpp/cmake)
[4.197s] -- Using RMW implementation 'rmw_fastrtps_cpp' as default
[5.072s] -- Found nav_msgs: 4.2.3 (/opt/ros/humble/share/nav_msgs/cmake)
[5.478s] -- Found rclcpp_components: 16.0.7 (/opt/ros/humble/share/rclcpp_components/cmake)
[5.755s] -- Found rtabmap_conversions: 0.21.3 (/home/mihkel/School/ThesisPractical/rtabmap_ws/install/rtabmap_conversions/share/rtabmap_conversions/cmake)
[8.618s] -- Ensuring Eigen3 include directory is part of orocos-kdl CMake target
[8.717s] [33mCMake Warning (dev) at /usr/lib/x86_64-linux-gnu/cmake/pcl/PCLConfig.cmake:146 (find_package):
[8.717s]   Policy CMP0144 is not set: find_package uses upper-case <PACKAGENAME>_ROOT
[8.718s]   variables.  Run "cmake --help-policy CMP0144" for policy details.  Use the
[8.718s]   cmake_policy command to set the policy and suppress this warning.
[8.718s] 
[8.718s]   CMake variable EIGEN_ROOT is set to:
[8.718s] 
[8.719s]     /usr/include/eigen3
[8.719s] 
[8.719s]   For compatibility, find_package is ignoring the variable, but code in a
[8.719s]   .cmake module might still use it.
[8.720s] Call Stack (most recent call first):
[8.720s]   /usr/lib/x86_64-linux-gnu/cmake/pcl/PCLConfig.cmake:299 (find_eigen)
[8.720s]   /usr/lib/x86_64-linux-gnu/cmake/pcl/PCLConfig.cmake:543 (find_external_library)
[8.720s]   /home/mihkel/.local/lib/python3.10/site-packages/cmake/data/share/cmake-3.28/Modules/CMakeFindDependencyMacro.cmake:76 (find_package)
[8.720s]   /home/mihkel/School/ThesisPractical/rtabmap_ws/install/rtabmap/lib/rtabmap-0.21/RTABMapConfig.cmake:7 (find_dependency)
[8.721s]   /home/mihkel/School/ThesisPractical/rtabmap_ws/install/rtabmap_conversions/share/rtabmap_conversions/cmake/ament_cmake_export_dependencies-extras.cmake:21 (find_package)
[8.721s]   /home/mihkel/School/ThesisPractical/rtabmap_ws/install/rtabmap_conversions/share/rtabmap_conversions/cmake/rtabmap_conversionsConfig.cmake:41 (include)
[8.721s]   CMakeLists.txt:10 (find_package)
[8.721s] This warning is for project developers.  Use -Wno-dev to suppress it.
[8.722s] [0m
[8.735s] -- Eigen found (include: /usr/include/eigen3, version: 3.4.0)
[8.818s] -- OpenNI found (version: 1.5.4.0, include: /usr/include/ni, lib: /usr/lib/libOpenNI.so;libusb::libusb)
[8.839s] -- OpenNI2 found (version: 2.2.0.33, include: /usr/include/openni2, lib: /usr/lib/x86_64-linux-gnu/libOpenNI2.so;libusb::libusb)
[10.524s] -- Eigen found (include: /usr/include/eigen3, version: 3.4.0)
[10.526s] [33mCMake Warning (dev) at /usr/lib/x86_64-linux-gnu/cmake/pcl/Modules/FindFLANN.cmake:44 (find_package):
[10.527s]   Policy CMP0144 is not set: find_package uses upper-case <PACKAGENAME>_ROOT
[10.527s]   variables.  Run "cmake --help-policy CMP0144" for policy details.  Use the
[10.527s]   cmake_policy command to set the policy and suppress this warning.
[10.527s] 
[10.528s]   CMake variable FLANN_ROOT is set to:
[10.528s] 
[10.528s]     /usr
[10.528s] 
[10.528s]   For compatibility, find_package is ignoring the variable, but code in a
[10.529s]   .cmake module might still use it.
[10.529s] Call Stack (most recent call first):
[10.529s]   /usr/lib/x86_64-linux-gnu/cmake/pcl/PCLConfig.cmake:256 (find_package)
[10.529s]   /usr/lib/x86_64-linux-gnu/cmake/pcl/PCLConfig.cmake:301 (find_flann)
[10.530s]   /usr/lib/x86_64-linux-gnu/cmake/pcl/PCLConfig.cmake:543 (find_external_library)
[10.530s]   /home/mihkel/.local/lib/python3.10/site-packages/cmake/data/share/cmake-3.28/Modules/CMakeFindDependencyMacro.cmake:76 (find_package)
[10.530s]   /home/mihkel/School/ThesisPractical/rtabmap_ws/install/rtabmap/lib/rtabmap-0.21/RTABMapConfig.cmake:7 (find_dependency)
[10.530s]   /home/mihkel/School/ThesisPractical/rtabmap_ws/install/rtabmap_conversions/share/rtabmap_conversions/cmake/ament_cmake_export_dependencies-extras.cmake:21 (find_package)
[10.530s]   /home/mihkel/School/ThesisPractical/rtabmap_ws/install/rtabmap_conversions/share/rtabmap_conversions/cmake/rtabmap_conversionsConfig.cmake:41 (include)
[10.531s]   CMakeLists.txt:10 (find_package)
[10.531s] This warning is for project developers.  Use -Wno-dev to suppress it.
[10.531s] [0m
[10.607s] -- FLANN found (include: /usr/include, lib: /usr/lib/x86_64-linux-gnu/libflann_cpp.so)
[10.614s] -- Found Qhull version 8.0.2
[13.958s] -- OpenNI found (version: 1.5.4.0, include: /usr/include/ni, lib: /usr/lib/libOpenNI.so;libusb::libusb)
[13.983s] -- OpenNI2 found (version: 2.2.0.33, include: /usr/include/openni2, lib: /usr/lib/x86_64-linux-gnu/libOpenNI2.so;libusb::libusb)
[15.209s] -- Found diagnostic_updater: 3.1.2 (/opt/ros/humble/share/diagnostic_updater/cmake)
[15.540s] -- RTABMAP_SYNC_MULTI_RGBD = OFF
[15.541s] -- RTABMAP_SYNC_USER_DATA  = OFF
[15.899s] -- Configuring done (15.0s)
[16.503s] -- Generating done (0.5s)
[16.517s] -- Build files have been written to: /home/mihkel/School/ThesisPractical/rtabmap_ws/build/rtabmap_sync
[16.587s] Invoked command in '/home/mihkel/School/ThesisPractical/rtabmap_ws/build/rtabmap_sync' returned '0': AMENT_PREFIX_PATH=/home/mihkel/School/ThesisPractical/rtabmap_ws/install/rtabmap_conversions:${AMENT_PREFIX_PATH} CMAKE_PREFIX_PATH=/home/mihkel/School/ThesisPractical/rtabmap_ws/install/rtabmap_conversions:/opt/ros/humble:/home/mihkel/School/ThesisPractical/rtabmap_ws/install/rtabmap_msgs:/home/mihkel/School/ThesisPractical/rtabmap_ws/install/rtabmap LD_LIBRARY_PATH=/home/mihkel/School/ThesisPractical/rtabmap_ws/install/rtabmap_conversions/lib:/home/mihkel/School/ThesisPractical/rtabmap_ws/install/rtabmap_msgs/lib:/home/mihkel/School/ThesisPractical/rtabmap_ws/install/rtabmap/lib:${LD_LIBRARY_PATH} PATH=/home/mihkel/School/ThesisPractical/rtabmap_ws/install/rtabmap/bin:${PATH} PKG_CONFIG_PATH=/home/mihkel/School/ThesisPractical/rtabmap_ws/install/rtabmap_msgs/lib/x86_64-linux-gnu/pkgconfig:/home/mihkel/School/ThesisPractical/rtabmap_ws/install/rtabmap_msgs/lib/pkgconfig:/home/mihkel/School/ThesisPractical/rtabmap_ws/install/rtabmap/lib/x86_64-linux-gnu/pkgconfig:/home/mihkel/School/ThesisPractical/rtabmap_ws/install/rtabmap/lib/pkgconfig PYTHONPATH=/home/mihkel/School/ThesisPractical/rtabmap_ws/install/rtabmap_msgs/local/lib/python3.10/dist-packages:${PYTHONPATH} ROS_PACKAGE_PATH=/home/mihkel/School/ThesisPractical/rtabmap_ws/install/rtabmap_msgs/share /home/mihkel/.local/bin/cmake /home/mihkel/School/ThesisPractical/rtabmap_ws/src/rtabmap_ros/rtabmap_sync -DCMAKE_INSTALL_PREFIX=/home/mihkel/School/ThesisPractical/rtabmap_ws/install/rtabmap_sync
[16.593s] Invoking command in '/home/mihkel/School/ThesisPractical/rtabmap_ws/build/rtabmap_sync': AMENT_PREFIX_PATH=/home/mihkel/School/ThesisPractical/rtabmap_ws/install/rtabmap_conversions:${AMENT_PREFIX_PATH} CMAKE_PREFIX_PATH=/home/mihkel/School/ThesisPractical/rtabmap_ws/install/rtabmap_conversions:/opt/ros/humble:/home/mihkel/School/ThesisPractical/rtabmap_ws/install/rtabmap_msgs:/home/mihkel/School/ThesisPractical/rtabmap_ws/install/rtabmap LD_LIBRARY_PATH=/home/mihkel/School/ThesisPractical/rtabmap_ws/install/rtabmap_conversions/lib:/home/mihkel/School/ThesisPractical/rtabmap_ws/install/rtabmap_msgs/lib:/home/mihkel/School/ThesisPractical/rtabmap_ws/install/rtabmap/lib:${LD_LIBRARY_PATH} PATH=/home/mihkel/School/ThesisPractical/rtabmap_ws/install/rtabmap/bin:${PATH} PKG_CONFIG_PATH=/home/mihkel/School/ThesisPractical/rtabmap_ws/install/rtabmap_msgs/lib/x86_64-linux-gnu/pkgconfig:/home/mihkel/School/ThesisPractical/rtabmap_ws/install/rtabmap_msgs/lib/pkgconfig:/home/mihkel/School/ThesisPractical/rtabmap_ws/install/rtabmap/lib/x86_64-linux-gnu/pkgconfig:/home/mihkel/School/ThesisPractical/rtabmap_ws/install/rtabmap/lib/pkgconfig PYTHONPATH=/home/mihkel/School/ThesisPractical/rtabmap_ws/install/rtabmap_msgs/local/lib/python3.10/dist-packages:${PYTHONPATH} ROS_PACKAGE_PATH=/home/mihkel/School/ThesisPractical/rtabmap_ws/install/rtabmap_msgs/share /home/mihkel/.local/bin/cmake --build /home/mihkel/School/ThesisPractical/rtabmap_ws/build/rtabmap_sync -- -j12 -l12
[16.782s] [  4%] [32mBuilding CXX object CMakeFiles/rtabmap_sync.dir/src/impl/CommonDataSubscriberStereo.cpp.o[0m
[16.782s] [ 13%] [32mBuilding CXX object CMakeFiles/rtabmap_sync_plugins.dir/src/nodelets/stereo_sync.cpp.o[0m
[16.783s] [ 13%] [32mBuilding CXX object CMakeFiles/rtabmap_sync.dir/src/impl/CommonDataSubscriberDepth.cpp.o[0m
[16.784s] [ 17%] [32mBuilding CXX object CMakeFiles/rtabmap_sync_plugins.dir/src/nodelets/rgb_sync.cpp.o[0m
[16.784s] [ 26%] [32mBuilding CXX object CMakeFiles/rtabmap_sync.dir/src/impl/CommonDataSubscriberRGBD.cpp.o[0m
[16.784s] [ 26%] [32mBuilding CXX object CMakeFiles/rtabmap_sync.dir/src/CommonDataSubscriber.cpp.o[0m
[16.785s] [ 30%] [32mBuilding CXX object CMakeFiles/rtabmap_sync.dir/src/impl/CommonDataSubscriberRGB.cpp.o[0m
[16.786s] [ 34%] [32mBuilding CXX object CMakeFiles/rtabmap_sync.dir/src/impl/CommonDataSubscriberRGBDX.cpp.o[0m
[16.787s] [ 39%] [32mBuilding CXX object CMakeFiles/rtabmap_sync.dir/src/impl/CommonDataSubscriberScan.cpp.o[0m
[16.793s] [ 47%] [32mBuilding CXX object CMakeFiles/rtabmap_sync_plugins.dir/src/nodelets/rgbd_sync.cpp.o[0m
[16.793s] [ 47%] [32mBuilding CXX object CMakeFiles/rtabmap_sync_plugins.dir/src/nodelets/rgbdx_sync.cpp.o[0m
[16.798s] [ 52%] [32mBuilding CXX object CMakeFiles/rtabmap_sync.dir/src/impl/CommonDataSubscriberOdom.cpp.o[0m
[68.874s] Traceback (most recent call last):
[68.874s]   File "/home/mihkel/.local/bin/cmake", line 8, in <module>
[68.875s]     sys.exit(cmake())
[68.875s]   File "/home/mihkel/.local/lib/python3.10/site-packages/cmake/__init__.py", line 47, in cmake
[68.878s]     raise SystemExit(_program('cmake', sys.argv[1:]))
[68.878s] gmake[2]: *** [CMakeFiles/rtabmap_sync_plugins.dir/build.make:118: CMakeFiles/rtabmap_sync_plugins.dir/src/nodelets/rgb_sync.cpp.o] Interrupt
[68.881s] gmake[2]: *** [CMakeFiles/rtabmap_sync_plugins.dir/build.make:76: CMakeFiles/rtabmap_sync_plugins.dir/src/nodelets/rgbdx_sync.cpp.o] Interrupt
[68.884s]   File "/home/mihkel/.local/lib/python3.10/site-packages/cmake/__init__.py", line 43, in _program
[68.884s]     return subprocess.call([os.path.join(CMAKE_BIN_DIR, name)] + args, close_fds=False)
[68.885s]   File "/usr/lib/python3.10/subprocess.py", line 347, in call
[68.894s] gmake[2]: *** [CMakeFiles/rtabmap_sync_plugins.dir/build.make:104: CMakeFiles/rtabmap_sync_plugins.dir/src/nodelets/stereo_sync.cpp.o] Interrupt
[68.895s] gmake[2]: *** [CMakeFiles/rtabmap_sync_plugins.dir/build.make:90: CMakeFiles/rtabmap_sync_plugins.dir/src/nodelets/rgbd_sync.cpp.o] Interrupt
[68.895s] gmake[1]: *** [CMakeFiles/Makefile2:173: CMakeFiles/rtabmap_sync_plugins.dir/all] Interrupt
[68.898s]     return p.wait(timeout=timeout)
[68.898s]   File "/usr/lib/python3.10/subprocess.py", line 1209, in wait
[68.899s]     return self._wait(timeout=timeout)
[68.899s]   File "/usr/lib/python3.10/subprocess.py", line 1959, in _wait
[68.900s]     (pid, sts) = self._try_wait(0)
[68.900s]   File "/usr/lib/python3.10/subprocess.py", line 1917, in _try_wait
[68.901s]     (pid, sts) = os.waitpid(self.pid, wait_flags)
[68.901s] KeyboardInterrupt
[68.920s] gmake[2]: *** [CMakeFiles/rtabmap_sync.dir/build.make:90: CMakeFiles/rtabmap_sync.dir/src/impl/CommonDataSubscriberDepth.cpp.o] Interrupt
[68.920s] gmake[2]: *** [CMakeFiles/rtabmap_sync.dir/build.make:76: CMakeFiles/rtabmap_sync.dir/src/CommonDataSubscriber.cpp.o] Interrupt
[68.923s] gmake[2]: *** [CMakeFiles/rtabmap_sync.dir/build.make:104: CMakeFiles/rtabmap_sync.dir/src/impl/CommonDataSubscriberStereo.cpp.o] Interrupt
[68.923s] gmake[2]: *** [CMakeFiles/rtabmap_sync.dir/build.make:118: CMakeFiles/rtabmap_sync.dir/src/impl/CommonDataSubscriberRGB.cpp.o] Interrupt
[68.924s] gmake[2]: *** [CMakeFiles/rtabmap_sync.dir/build.make:132: CMakeFiles/rtabmap_sync.dir/src/impl/CommonDataSubscriberRGBD.cpp.o] Interrupt
[68.924s] gmake[2]: *** [CMakeFiles/rtabmap_sync.dir/build.make:146: CMakeFiles/rtabmap_sync.dir/src/impl/CommonDataSubscriberRGBDX.cpp.o] Interrupt
[68.924s] gmake[2]: *** [CMakeFiles/rtabmap_sync.dir/build.make:160: CMakeFiles/rtabmap_sync.dir/src/impl/CommonDataSubscriberScan.cpp.o] Interrupt
[68.925s] gmake[2]: *** [CMakeFiles/rtabmap_sync.dir/build.make:174: CMakeFiles/rtabmap_sync.dir/src/impl/CommonDataSubscriberOdom.cpp.o] Interrupt
[68.925s] gmake[1]: *** [CMakeFiles/Makefile2:147: CMakeFiles/rtabmap_sync.dir/all] Interrupt
[68.925s] gmake: *** [Makefile:146: all] Interrupt
