[0.514s] Invoking command in '/home/mihkel/School/ThesisPractical/rtabmap_ws/build/rtabmap_util': AMENT_PREFIX_PATH=/home/mihkel/School/ThesisPractical/rtabmap_ws/install/rtabmap_conversions:${AMENT_PREFIX_PATH} CMAKE_PREFIX_PATH=/home/mihkel/School/ThesisPractical/rtabmap_ws/install/rtabmap_conversions:/opt/ros/humble:/home/mihkel/School/ThesisPractical/rtabmap_ws/install/rtabmap_msgs:/home/mihkel/School/ThesisPractical/rtabmap_ws/install/rtabmap LD_LIBRARY_PATH=/home/mihkel/School/ThesisPractical/rtabmap_ws/install/rtabmap_conversions/lib:/home/mihkel/School/ThesisPractical/rtabmap_ws/install/rtabmap_msgs/lib:/home/mihkel/School/ThesisPractical/rtabmap_ws/install/rtabmap/lib:${LD_LIBRARY_PATH} PATH=/home/mihkel/School/ThesisPractical/rtabmap_ws/install/rtabmap/bin:${PATH} PKG_CONFIG_PATH=/home/mihkel/School/ThesisPractical/rtabmap_ws/install/rtabmap_msgs/lib/x86_64-linux-gnu/pkgconfig:/home/mihkel/School/ThesisPractical/rtabmap_ws/install/rtabmap_msgs/lib/pkgconfig:/home/mihkel/School/ThesisPractical/rtabmap_ws/install/rtabmap/lib/x86_64-linux-gnu/pkgconfig:/home/mihkel/School/ThesisPractical/rtabmap_ws/install/rtabmap/lib/pkgconfig PYTHONPATH=/home/mihkel/School/ThesisPractical/rtabmap_ws/install/rtabmap_msgs/local/lib/python3.10/dist-packages:${PYTHONPATH} ROS_PACKAGE_PATH=/home/mihkel/School/ThesisPractical/rtabmap_ws/install/rtabmap_msgs/share /home/mihkel/.local/bin/cmake /home/mihkel/School/ThesisPractical/rtabmap_ws/src/rtabmap_ros/rtabmap_util -DCMAKE_INSTALL_PREFIX=/home/mihkel/School/ThesisPractical/rtabmap_ws/install/rtabmap_util
[0.763s] -- The C compiler identification is GNU 11.4.0
[0.972s] -- The CXX compiler identification is GNU 11.4.0
[1.029s] -- Detecting C compiler ABI info
[1.232s] -- Detecting C compiler ABI info - done
[1.275s] -- Check for working C compiler: /usr/bin/cc - skipped
[1.284s] -- Detecting C compile features
[1.286s] -- Detecting C compile features - done
[1.314s] -- Detecting CXX compiler ABI info
[1.544s] -- Detecting CXX compiler ABI info - done
[1.589s] -- Check for working CXX compiler: /usr/bin/c++ - skipped
[1.590s] -- Detecting CXX compile features
[1.592s] -- Detecting CXX compile features - done
[1.630s] -- Found OpenCV: /usr (found version "4.5.4") found components: core calib3d imgproc highgui stitching photo video aruco missing components: xfeatures2d nonfree gpu cudafeatures2d
[1.677s] [33mCMake Warning (dev) at /usr/lib/x86_64-linux-gnu/cmake/pcl/PCLConfig.cmake:146 (find_package):
[1.678s]   Policy CMP0144 is not set: find_package uses upper-case <PACKAGENAME>_ROOT
[1.678s]   variables.  Run "cmake --help-policy CMP0144" for policy details.  Use the
[1.678s]   cmake_policy command to set the policy and suppress this warning.
[1.679s] 
[1.679s]   CMake variable EIGEN_ROOT is set to:
[1.679s] 
[1.679s]     /usr/include/eigen3
[1.680s] 
[1.680s]   For compatibility, find_package is ignoring the variable, but code in a
[1.680s]   .cmake module might still use it.
[1.680s] Call Stack (most recent call first):
[1.680s]   /usr/lib/x86_64-linux-gnu/cmake/pcl/PCLConfig.cmake:299 (find_eigen)
[1.681s]   /usr/lib/x86_64-linux-gnu/cmake/pcl/PCLConfig.cmake:543 (find_external_library)
[1.681s]   /home/mihkel/.local/lib/python3.10/site-packages/cmake/data/share/cmake-3.28/Modules/CMakeFindDependencyMacro.cmake:76 (find_package)
[1.681s]   /home/mihkel/School/ThesisPractical/rtabmap_ws/install/rtabmap/lib/rtabmap-0.21/RTABMapConfig.cmake:7 (find_dependency)
[1.682s]   CMakeLists.txt:8 (find_package)
[1.682s] This warning is for project developers.  Use -Wno-dev to suppress it.
[1.682s] [0m
[1.692s] -- Checking for module 'eigen3'
[1.725s] --   Found eigen3, version 3.4.0
[1.800s] -- Found Eigen: /usr/include/eigen3 (Required is at least version "3.1") 
[1.800s] -- Eigen found (include: /usr/include/eigen3, version: 3.4.0)
[1.896s] -- Found Boost: /usr/lib/x86_64-linux-gnu/cmake/Boost-1.74.0/BoostConfig.cmake (found suitable version "1.74.0", minimum required is "1.65.0") found components: system filesystem date_time iostreams serialization 
[2.044s] -- Checking for module 'libusb-1.0'
[2.079s] --   Found libusb-1.0, version 1.0.25
[2.182s] -- Found libusb: /usr/lib/x86_64-linux-gnu/libusb-1.0.so  
[2.188s] -- Found OpenNI: /usr/lib/libOpenNI.so;libusb::libusb (found version "1.5.4.0") 
[2.188s] -- OpenNI found (version: 1.5.4.0, include: /usr/include/ni, lib: /usr/lib/libOpenNI.so;libusb::libusb)
[2.348s] -- Found OpenNI2: /usr/lib/x86_64-linux-gnu/libOpenNI2.so;libusb::libusb (found version "2.2.0.33") 
[2.349s] -- OpenNI2 found (version: 2.2.0.33, include: /usr/include/openni2, lib: /usr/lib/x86_64-linux-gnu/libOpenNI2.so;libusb::libusb)
[2.349s] [0m** WARNING ** io features related to pcap will be disabled[0m
[2.350s] [0m** WARNING ** io features related to png will be disabled[0m
[2.553s] -- Performing Test CMAKE_HAVE_LIBC_PTHREAD
[2.752s] -- Performing Test CMAKE_HAVE_LIBC_PTHREAD - Success
[2.758s] -- Found Threads: TRUE  
[2.769s] -- Found GLEW: /usr/lib/x86_64-linux-gnu/libGLEW.so  
[2.807s] -- Found OpenGL: /usr/lib/x86_64-linux-gnu/libOpenGL.so  found components: OpenGL GLX 
[3.227s] -- Found MPI_C: /usr/lib/x86_64-linux-gnu/libmpi.so (found version "3.1") 
[3.229s] -- Found MPI: TRUE (found version "3.1") found components: C 
[3.238s] -- Found JsonCpp: /usr/lib/x86_64-linux-gnu/libjsoncpp.so (found suitable version "1.9.5", minimum required is "0.7.0") 
[3.302s] -- Found ZLIB: /usr/lib/x86_64-linux-gnu/libz.so (found version "1.2.11")  
[3.414s] -- Found PNG: /usr/lib/x86_64-linux-gnu/libpng.so (found version "1.6.37") 
[3.476s] -- Found Eigen3: /usr/include/eigen3 (found version "3.4.0") 
[4.001s] -- Found X11: /usr/include   
[4.002s] -- Looking for XOpenDisplay in /usr/lib/x86_64-linux-gnu/libX11.so;/usr/lib/x86_64-linux-gnu/libXext.so
[4.205s] -- Looking for XOpenDisplay in /usr/lib/x86_64-linux-gnu/libX11.so;/usr/lib/x86_64-linux-gnu/libXext.so - found
[4.206s] -- Looking for gethostbyname
[4.382s] -- Looking for gethostbyname - found
[4.383s] -- Looking for connect
[4.561s] -- Looking for connect - found
[4.561s] -- Looking for remove
[4.737s] -- Looking for remove - found
[4.738s] -- Looking for shmat
[4.919s] -- Looking for shmat - found
[4.920s] -- Looking for IceConnectionNumber in ICE
[5.111s] -- Looking for IceConnectionNumber in ICE - found
[5.580s] -- Found EXPAT: /usr/lib/x86_64-linux-gnu/libexpat.so (found version "2.4.7") 
[5.593s] -- Found double-conversion: /usr/lib/x86_64-linux-gnu/libdouble-conversion.so  
[5.614s] -- Found LZ4: /usr/lib/x86_64-linux-gnu/liblz4.so (found version "1.9.3") 
[5.621s] -- Found LZMA: /usr/lib/x86_64-linux-gnu/liblzma.so (found version "5.2.5") 
[5.677s] -- Found JPEG: /usr/lib/x86_64-linux-gnu/libjpeg.so (found version "80") 
[5.738s] -- Found TIFF: /usr/lib/x86_64-linux-gnu/libtiff.so (found version "4.3.0")  
[5.770s] -- Found Freetype: /usr/lib/x86_64-linux-gnu/libfreetype.so (found version "2.11.1") 
[5.794s] -- Found utf8cpp: /usr/include/utf8cpp  
[5.932s] -- Eigen found (include: /usr/include/eigen3, version: 3.4.0)
[5.934s] [33mCMake Warning (dev) at /usr/lib/x86_64-linux-gnu/cmake/pcl/Modules/FindFLANN.cmake:44 (find_package):
[5.935s]   Policy CMP0144 is not set: find_package uses upper-case <PACKAGENAME>_ROOT
[5.935s]   variables.  Run "cmake --help-policy CMP0144" for policy details.  Use the
[5.936s]   cmake_policy command to set the policy and suppress this warning.
[5.936s] 
[5.936s]   CMake variable FLANN_ROOT is set to:
[5.937s] 
[5.937s]     /usr
[5.937s] 
[5.938s]   For compatibility, find_package is ignoring the variable, but code in a
[5.938s]   .cmake module might still use it.
[5.939s] Call Stack (most recent call first):
[5.939s]   /usr/lib/x86_64-linux-gnu/cmake/pcl/PCLConfig.cmake:256 (find_package)
[5.939s]   /usr/lib/x86_64-linux-gnu/cmake/pcl/PCLConfig.cmake:301 (find_flann)
[5.940s]   /usr/lib/x86_64-linux-gnu/cmake/pcl/PCLConfig.cmake:543 (find_external_library)
[5.940s]   /home/mihkel/.local/lib/python3.10/site-packages/cmake/data/share/cmake-3.28/Modules/CMakeFindDependencyMacro.cmake:76 (find_package)
[5.940s]   /home/mihkel/School/ThesisPractical/rtabmap_ws/install/rtabmap/lib/rtabmap-0.21/RTABMapConfig.cmake:7 (find_dependency)
[5.941s]   CMakeLists.txt:8 (find_package)
[5.941s] This warning is for project developers.  Use -Wno-dev to suppress it.
[5.941s] [0m
[5.990s] -- Checking for module 'flann'
[6.038s] --   Found flann, version 1.9.1
[6.160s] -- Found FLANN: /usr/lib/x86_64-linux-gnu/libflann_cpp.so  
[6.160s] -- FLANN found (include: /usr/include, lib: /usr/lib/x86_64-linux-gnu/libflann_cpp.so)
[6.178s] -- Found Qhull version 8.0.2
[9.547s] -- OpenNI found (version: 1.5.4.0, include: /usr/include/ni, lib: /usr/lib/libOpenNI.so;libusb::libusb)
[9.570s] -- OpenNI2 found (version: 2.2.0.33, include: /usr/include/openni2, lib: /usr/lib/x86_64-linux-gnu/libOpenNI2.so;libusb::libusb)
[10.657s] -- looking for PCL_COMMON
[10.661s] -- Found PCL_COMMON: /usr/lib/x86_64-linux-gnu/libpcl_common.so  
[10.661s] -- looking for PCL_OCTREE
[10.665s] -- Found PCL_OCTREE: /usr/lib/x86_64-linux-gnu/libpcl_octree.so  
[10.666s] -- looking for PCL_IO
[10.670s] -- Found PCL_IO: /usr/lib/x86_64-linux-gnu/libpcl_io.so  
[10.671s] -- looking for PCL_KDTREE
[10.674s] -- Found PCL_KDTREE: /usr/lib/x86_64-linux-gnu/libpcl_kdtree.so  
[10.675s] -- looking for PCL_SEARCH
[10.679s] -- Found PCL_SEARCH: /usr/lib/x86_64-linux-gnu/libpcl_search.so  
[10.680s] -- looking for PCL_SURFACE
[10.684s] -- Found PCL_SURFACE: /usr/lib/x86_64-linux-gnu/libpcl_surface.so  
[10.685s] -- looking for PCL_FILTERS
[10.689s] -- Found PCL_FILTERS: /usr/lib/x86_64-linux-gnu/libpcl_filters.so  
[10.690s] -- looking for PCL_2D
[10.691s] -- Found PCL_2D: /usr/include/pcl-1.12  
[10.692s] -- looking for PCL_FEATURES
[10.696s] -- Found PCL_FEATURES: /usr/lib/x86_64-linux-gnu/libpcl_features.so  
[10.697s] -- looking for PCL_REGISTRATION
[10.701s] -- Found PCL_REGISTRATION: /usr/lib/x86_64-linux-gnu/libpcl_registration.so  
[10.702s] -- looking for PCL_SAMPLE_CONSENSUS
[10.706s] -- Found PCL_SAMPLE_CONSENSUS: /usr/lib/x86_64-linux-gnu/libpcl_sample_consensus.so  
[10.706s] -- looking for PCL_GEOMETRY
[10.708s] -- Found PCL_GEOMETRY: /usr/include/pcl-1.12  
[10.708s] -- looking for PCL_ML
[10.712s] -- Found PCL_ML: /usr/lib/x86_64-linux-gnu/libpcl_ml.so  
[10.713s] -- looking for PCL_SEGMENTATION
[10.717s] -- Found PCL_SEGMENTATION: /usr/lib/x86_64-linux-gnu/libpcl_segmentation.so  
[10.719s] -- looking for PCL_VISUALIZATION
[10.723s] -- Found PCL_VISUALIZATION: /usr/lib/x86_64-linux-gnu/libpcl_visualization.so  
[10.726s] -- Found PCL: pcl_common;pcl_octree;pcl_io;pcl_kdtree;pcl_search;pcl_surface;pcl_filters;pcl_features;pcl_registration;pcl_sample_consensus;pcl_ml;pcl_segmentation;pcl_visualization;Boost::system;Boost::filesystem;Boost::date_time;Boost::iostreams;Boost::serialization;/usr/lib/libOpenNI.so;libusb::libusb;/usr/lib/x86_64-linux-gnu/libOpenNI2.so;libusb::libusb;VTK::ChartsCore;VTK::CommonColor;VTK::CommonComputationalGeometry;VTK::CommonCore;VTK::CommonDataModel;VTK::CommonExecutionModel;VTK::CommonMath;VTK::CommonMisc;VTK::CommonTransforms;VTK::FiltersCore;VTK::FiltersExtraction;VTK::FiltersGeneral;VTK::FiltersGeometry;VTK::FiltersModeling;VTK::FiltersSources;VTK::ImagingCore;VTK::ImagingSources;VTK::InteractionImage;VTK::InteractionStyle;VTK::InteractionWidgets;VTK::IOCore;VTK::IOGeometry;VTK::IOImage;VTK::IOLegacy;VTK::IOPLY;VTK::RenderingAnnotation;VTK::RenderingCore;VTK::RenderingContext2D;VTK::RenderingLOD;VTK::RenderingFreeType;VTK::ViewsCore;VTK::ViewsContext2D;VTK::RenderingOpenGL2;VTK::GUISupportQt;FLANN::FLANN;QHULL::QHULL (Required is at least version "1.7") 
[10.751s] -- Found grid_map_core: 2.0.0 (/opt/ros/humble/share/grid_map_core/cmake)
[14.720s] -- Found Python3: /usr/bin/python3.10 (found version "3.10.12") found components: Interpreter 
[14.987s] -- RTABMap=rtabmap::utilite;rtabmap::core;rtabmap::gui
[14.996s] -- Found ament_cmake: 1.3.6 (/opt/ros/humble/share/ament_cmake/cmake)
[15.108s] -- Found cv_bridge: 3.2.1 (/opt/ros/humble/share/cv_bridge/cmake)
[15.253s] -- Found rosidl_generator_c: 3.1.5 (/opt/ros/humble/share/rosidl_generator_c/cmake)
[15.277s] -- Found rosidl_adapter: 3.1.5 (/opt/ros/humble/share/rosidl_adapter/cmake)
[15.317s] -- Found rosidl_generator_cpp: 3.1.5 (/opt/ros/humble/share/rosidl_generator_cpp/cmake)
[15.386s] -- Using all available rosidl_typesupport_c: rosidl_typesupport_fastrtps_c;rosidl_typesupport_introspection_c
[15.484s] -- Using all available rosidl_typesupport_cpp: rosidl_typesupport_fastrtps_cpp;rosidl_typesupport_introspection_cpp
[16.652s] -- Found image_transport: 3.1.7 (/opt/ros/humble/share/image_transport/cmake)
[17.201s] -- Found rmw_implementation_cmake: 6.1.1 (/opt/ros/humble/share/rmw_implementation_cmake/cmake)
[17.219s] -- Found rmw_fastrtps_cpp: 6.2.5 (/opt/ros/humble/share/rmw_fastrtps_cpp/cmake)
[17.980s] -- Found OpenSSL: /usr/lib/x86_64-linux-gnu/libcrypto.so (found version "3.0.2")  
[18.147s] -- Found FastRTPS: /opt/ros/humble/include  
[18.499s] -- Using RMW implementation 'rmw_fastrtps_cpp' as default
[20.090s] -- Found rclcpp_components: 16.0.7 (/opt/ros/humble/share/rclcpp_components/cmake)
[20.576s] -- Found stereo_msgs: 4.2.3 (/opt/ros/humble/share/stereo_msgs/cmake)
[21.374s] -- Found nav_msgs: 4.2.3 (/opt/ros/humble/share/nav_msgs/cmake)
[22.090s] -- Found tf2: 0.25.5 (/opt/ros/humble/share/tf2/cmake)
[22.177s] -- Found tf2_geometry_msgs: 0.25.5 (/opt/ros/humble/share/tf2_geometry_msgs/cmake)
[22.333s] -- Found eigen3_cmake_module: 0.1.1 (/opt/ros/humble/share/eigen3_cmake_module/cmake)
[22.361s] -- Found Eigen3: TRUE (found version "3.4.0") 
[22.363s] -- Ensuring Eigen3 include directory is part of orocos-kdl CMake target
[25.936s] -- Found laser_geometry: 2.4.0 (/opt/ros/humble/share/laser_geometry/cmake)
[26.069s] -- Found pcl_conversions: 2.4.0 (/opt/ros/humble/share/pcl_conversions/cmake)
[27.109s] -- Found pcl_ros: 2.4.0 (/opt/ros/humble/share/pcl_ros/cmake)
[28.228s] -- Found rtabmap_msgs: 0.21.3 (/home/mihkel/School/ThesisPractical/rtabmap_ws/install/rtabmap_msgs/share/rtabmap_msgs/cmake)
[29.162s] -- Found rtabmap_conversions: 0.21.3 (/home/mihkel/School/ThesisPractical/rtabmap_ws/install/rtabmap_conversions/share/rtabmap_conversions/cmake)
[31.750s] -- Found octomap_msgs: 2.0.0 (/opt/ros/humble/share/octomap_msgs/cmake)
[32.985s] -- Found grid_map_ros: 2.0.0 (/opt/ros/humble/share/grid_map_ros/cmake)
[40.237s] -- WITH octomap_msgs
[40.238s] -- WITH grid_map_ros
[68.670s] Traceback (most recent call last):
[68.676s]   File "/home/mihkel/.local/bin/cmake", line 8, in <module>
[68.677s]     sys.exit(cmake())
[68.677s]   File "/home/mihkel/.local/lib/python3.10/site-packages/cmake/__init__.py", line 47, in cmake
[68.677s]     raise SystemExit(_program('cmake', sys.argv[1:]))
[68.677s]   File "/home/mihkel/.local/lib/python3.10/site-packages/cmake/__init__.py", line 43, in _program
[68.678s]     return subprocess.call([os.path.join(CMAKE_BIN_DIR, name)] + args, close_fds=False)
[68.678s]   File "/usr/lib/python3.10/subprocess.py", line 347, in call
[68.678s]     return p.wait(timeout=timeout)
[68.679s]   File "/usr/lib/python3.10/subprocess.py", line 1209, in wait
[68.679s]     return self._wait(timeout=timeout)
[68.679s]   File "/usr/lib/python3.10/subprocess.py", line 1959, in _wait
[68.686s]     (pid, sts) = self._try_wait(0)
[68.686s]   File "/usr/lib/python3.10/subprocess.py", line 1917, in _try_wait
[68.686s]     (pid, sts) = os.waitpid(self.pid, wait_flags)
[68.687s] KeyboardInterrupt
[68.714s] Invoked command in '/home/mihkel/School/ThesisPractical/rtabmap_ws/build/rtabmap_util' returned '-2': AMENT_PREFIX_PATH=/home/mihkel/School/ThesisPractical/rtabmap_ws/install/rtabmap_conversions:${AMENT_PREFIX_PATH} CMAKE_PREFIX_PATH=/home/mihkel/School/ThesisPractical/rtabmap_ws/install/rtabmap_conversions:/opt/ros/humble:/home/mihkel/School/ThesisPractical/rtabmap_ws/install/rtabmap_msgs:/home/mihkel/School/ThesisPractical/rtabmap_ws/install/rtabmap LD_LIBRARY_PATH=/home/mihkel/School/ThesisPractical/rtabmap_ws/install/rtabmap_conversions/lib:/home/mihkel/School/ThesisPractical/rtabmap_ws/install/rtabmap_msgs/lib:/home/mihkel/School/ThesisPractical/rtabmap_ws/install/rtabmap/lib:${LD_LIBRARY_PATH} PATH=/home/mihkel/School/ThesisPractical/rtabmap_ws/install/rtabmap/bin:${PATH} PKG_CONFIG_PATH=/home/mihkel/School/ThesisPractical/rtabmap_ws/install/rtabmap_msgs/lib/x86_64-linux-gnu/pkgconfig:/home/mihkel/School/ThesisPractical/rtabmap_ws/install/rtabmap_msgs/lib/pkgconfig:/home/mihkel/School/ThesisPractical/rtabmap_ws/install/rtabmap/lib/x86_64-linux-gnu/pkgconfig:/home/mihkel/School/ThesisPractical/rtabmap_ws/install/rtabmap/lib/pkgconfig PYTHONPATH=/home/mihkel/School/ThesisPractical/rtabmap_ws/install/rtabmap_msgs/local/lib/python3.10/dist-packages:${PYTHONPATH} ROS_PACKAGE_PATH=/home/mihkel/School/ThesisPractical/rtabmap_ws/install/rtabmap_msgs/share /home/mihkel/.local/bin/cmake /home/mihkel/School/ThesisPractical/rtabmap_ws/src/rtabmap_ros/rtabmap_util -DCMAKE_INSTALL_PREFIX=/home/mihkel/School/ThesisPractical/rtabmap_ws/install/rtabmap_util
[68.746s] Traceback (most recent call last):
  File "/usr/lib/python3/dist-packages/colcon_parallel_executor/executor/parallel.py", line 75, in execute
    loop.run_until_complete(future)
  File "/usr/lib/python3.10/asyncio/base_events.py", line 636, in run_until_complete
    self.run_forever()
  File "/usr/lib/python3.10/asyncio/base_events.py", line 603, in run_forever
    self._run_once()
  File "/usr/lib/python3.10/asyncio/base_events.py", line 1871, in _run_once
    event_list = self._selector.select(timeout)
  File "/usr/lib/python3.10/selectors.py", line 469, in select
    fd_event_list = self._selector.poll(timeout, max_ev)
KeyboardInterrupt

During handling of the above exception, another exception occurred:

Traceback (most recent call last):
  File "/usr/lib/python3/dist-packages/colcon_core/executor/__init__.py", line 91, in __call__
    rc = await self.task(*args, **kwargs)
  File "/usr/lib/python3/dist-packages/colcon_core/task/__init__.py", line 93, in __call__
    return await task_method(*args, **kwargs)
  File "/usr/lib/python3/dist-packages/colcon_ros/task/ament_cmake/build.py", line 59, in build
    rc = await extension.build(
  File "/usr/lib/python3/dist-packages/colcon_cmake/task/cmake/build.py", line 87, in build
    rc = await self._reconfigure(args, env)
  File "/usr/lib/python3/dist-packages/colcon_cmake/task/cmake/build.py", line 182, in _reconfigure
    buildfile = get_buildfile(cmake_cache)
  File "/usr/lib/python3/dist-packages/colcon_cmake/task/cmake/__init__.py", line 114, in get_buildfile
    if 'Visual Studio' in generator:
TypeError: argument of type 'NoneType' is not iterable
