[01m[K/home/mihkel/School/ros-packages/nav2_ws/src/navigation2/nav2_mppi_controller/test/noise_generator_test.cpp:[m[K In member function â€˜[01m[Kvirtual void NoiseGeneratorTest_NoiseGeneratorLifecycle_Test::TestBody()[m[Kâ€™:
[01m[K/home/mihkel/School/ros-packages/nav2_ws/src/navigation2/nav2_mppi_controller/test/noise_generator_test.cpp:45:32:[m[K [01;31m[Kerror: [m[Kâ€˜[01m[Krclcpp_lifecycle[m[Kâ€™ was not declared in this scope
   45 |   auto node = std::make_shared<[01;31m[Krclcpp_lifecycle[m[K::LifecycleNode>("node");
      |                                [01;31m[K^~~~~~~~~~~~~~~~[m[K
[01m[K/home/mihkel/School/ros-packages/nav2_ws/src/navigation2/nav2_mppi_controller/test/noise_generator_test.cpp:45:20:[m[K [01;31m[Kerror: [m[Kparse error in template argument list
   45 |   auto node = std::[01;31m[Kmake_shared<rclcpp_lifecycle::LifecycleNode>[m[K("node");
      |                    [01;31m[K^~~~~~~~~~~~~~~~~~~~~~~~~~~~~~~~~~~~~~~~~~~~[m[K
[01m[K/home/mihkel/School/ros-packages/nav2_ws/src/navigation2/nav2_mppi_controller/test/noise_generator_test.cpp:45:64:[m[K [01;31m[Kerror: [m[Kno matching function for call to â€˜[01m[Kmake_shared<<expression error> >(const char [5])[m[Kâ€™
   45 |   auto node = [01;31m[Kstd::make_shared<rclcpp_lifecycle::LifecycleNode>("node")[m[K;
      |               [01;31m[K~~~~~~~~~~~~~~~~~~~~~~~~~~~~~~~~~~~~~~~~~~~~~~~~~^~~~~~~~[m[K
In file included from [01m[K/usr/include/c++/11/memory:77[m[K,
                 from [01m[K/opt/ros/humble/src/gtest_vendor/include/gtest/gtest.h:57[m[K,
                 from [01m[K/home/mihkel/School/ros-packages/nav2_ws/src/navigation2/nav2_mppi_controller/test/noise_generator_test.cpp:18[m[K:
[01m[K/usr/include/c++/11/bits/shared_ptr.h:875:5:[m[K [01;36m[Knote: [m[Kcandidate: â€˜[01m[Ktemplate<class _Tp, class ... _Args> std::shared_ptr<_Tp> std::make_shared(_Args&& ...)[m[Kâ€™
  875 |     [01;36m[Kmake_shared[m[K(_Args&&... __args)
      |     [01;36m[K^~~~~~~~~~~[m[K
[01m[K/usr/include/c++/11/bits/shared_ptr.h:875:5:[m[K [01;36m[Knote: [m[K  template argument deduction/substitution failed:
[01m[K/home/mihkel/School/ros-packages/nav2_ws/src/navigation2/nav2_mppi_controller/test/noise_generator_test.cpp:45:64:[m[K [01;31m[Kerror: [m[Ktemplate argument 1 is invalid
   45 |   auto node = [01;31m[Kstd::make_shared<rclcpp_lifecycle::LifecycleNode>("node")[m[K;
      |               [01;31m[K~~~~~~~~~~~~~~~~~~~~~~~~~~~~~~~~~~~~~~~~~~~~~~~~~^~~~~~~~[m[K
[01m[K/home/mihkel/School/ros-packages/nav2_ws/src/navigation2/nav2_mppi_controller/test/noise_generator_test.cpp:47:3:[m[K [01;31m[Kerror: [m[Kâ€˜[01m[KParametersHandler[m[Kâ€™ was not declared in this scope
   47 |   [01;31m[KParametersHandler[m[K handler(node);
      |   [01;31m[K^~~~~~~~~~~~~~~~~[m[K
[01m[K/home/mihkel/School/ros-packages/nav2_ws/src/navigation2/nav2_mppi_controller/test/noise_generator_test.cpp:49:55:[m[K [01;31m[Kerror: [m[Kâ€˜[01m[Khandler[m[Kâ€™ was not declared in this scope
   49 |   generator.initialize(settings, false, "test_name", &[01;31m[Khandler[m[K);
      |                                                       [01;31m[K^~~~~~~[m[K
[01m[K/home/mihkel/School/ros-packages/nav2_ws/src/navigation2/nav2_mppi_controller/test/noise_generator_test.cpp:[m[K In member function â€˜[01m[Kvirtual void NoiseGeneratorTest_NoiseGeneratorMain_Test::TestBody()[m[Kâ€™:
[01m[K/home/mihkel/School/ros-packages/nav2_ws/src/navigation2/nav2_mppi_controller/test/noise_generator_test.cpp:57:32:[m[K [01;31m[Kerror: [m[Kâ€˜[01m[Krclcpp_lifecycle[m[Kâ€™ was not declared in this scope
   57 |   auto node = std::make_shared<[01;31m[Krclcpp_lifecycle[m[K::LifecycleNode>("node");
      |                                [01;31m[K^~~~~~~~~~~~~~~~[m[K
[01m[K/home/mihkel/School/ros-packages/nav2_ws/src/navigation2/nav2_mppi_controller/test/noise_generator_test.cpp:57:20:[m[K [01;31m[Kerror: [m[Kparse error in template argument list
   57 |   auto node = std::[01;31m[Kmake_shared<rclcpp_lifecycle::LifecycleNode>[m[K("node");
      |                    [01;31m[K^~~~~~~~~~~~~~~~~~~~~~~~~~~~~~~~~~~~~~~~~~~~[m[K
[01m[K/home/mihkel/School/ros-packages/nav2_ws/src/navigation2/nav2_mppi_controller/test/noise_generator_test.cpp:57:64:[m[K [01;31m[Kerror: [m[Kno matching function for call to â€˜[01m[Kmake_shared<<expression error> >(const char [5])[m[Kâ€™
   57 |   auto node = [01;31m[Kstd::make_shared<rclcpp_lifecycle::LifecycleNode>("node")[m[K;
      |               [01;31m[K~~~~~~~~~~~~~~~~~~~~~~~~~~~~~~~~~~~~~~~~~~~~~~~~~^~~~~~~~[m[K
In file included from [01m[K/usr/include/c++/11/memory:77[m[K,
                 from [01m[K/opt/ros/humble/src/gtest_vendor/include/gtest/gtest.h:57[m[K,
                 from [01m[K/home/mihkel/School/ros-packages/nav2_ws/src/navigation2/nav2_mppi_controller/test/noise_generator_test.cpp:18[m[K:
[01m[K/usr/include/c++/11/bits/shared_ptr.h:875:5:[m[K [01;36m[Knote: [m[Kcandidate: â€˜[01m[Ktemplate<class _Tp, class ... _Args> std::shared_ptr<_Tp> std::make_shared(_Args&& ...)[m[Kâ€™
  875 |     [01;36m[Kmake_shared[m[K(_Args&&... __args)
      |     [01;36m[K^~~~~~~~~~~[m[K
[01m[K/usr/include/c++/11/bits/shared_ptr.h:875:5:[m[K [01;36m[Knote: [m[K  template argument deduction/substitution failed:
[01m[K/home/mihkel/School/ros-packages/nav2_ws/src/navigation2/nav2_mppi_controller/test/noise_generator_test.cpp:57:64:[m[K [01;31m[Kerror: [m[Ktemplate argument 1 is invalid
   57 |   auto node = [01;31m[Kstd::make_shared<rclcpp_lifecycle::LifecycleNode>("node")[m[K;
      |               [01;31m[K~~~~~~~~~~~~~~~~~~~~~~~~~~~~~~~~~~~~~~~~~~~~~~~~~^~~~~~~~[m[K
[01m[K/home/mihkel/School/ros-packages/nav2_ws/src/navigation2/nav2_mppi_controller/test/noise_generator_test.cpp:59:3:[m[K [01;31m[Kerror: [m[Kâ€˜[01m[KParametersHandler[m[Kâ€™ was not declared in this scope
   59 |   [01;31m[KParametersHandler[m[K handler(node);
      |   [01;31m[K^~~~~~~~~~~~~~~~~[m[K
[01m[K/home/mihkel/School/ros-packages/nav2_ws/src/navigation2/nav2_mppi_controller/test/noise_generator_test.cpp:81:55:[m[K [01;31m[Kerror: [m[Kâ€˜[01m[Khandler[m[Kâ€™ was not declared in this scope
   81 |   generator.initialize(settings, false, "test_name", &[01;31m[Khandler[m[K);
      |                                                       [01;31m[K^~~~~~~[m[K
gmake[2]: *** [test/CMakeFiles/noise_generator_test.dir/build.make:76: test/CMakeFiles/noise_generator_test.dir/noise_generator_test.cpp.o] Error 1
gmake[1]: *** [CMakeFiles/Makefile2:334: test/CMakeFiles/noise_generator_test.dir/all] Error 2
gmake[1]: *** Waiting for unfinished jobs....
gmake: *** [Makefile:146: all] Error 2
