[0.234s] Invoking command in '/home/mihkel/School/ros-packages/nav2_ws/build/nav2_mppi_controller': AMENT_PREFIX_PATH=/home/mihkel/School/ros-packages/nav2_ws/install/nav2_core:/home/mihkel/School/ros-packages/nav2_ws/install/nav2_costmap_2d:/home/mihkel/School/ros-packages/nav2_ws/install/nav2_util:/home/mihkel/School/ros-packages/nav2_ws/install/nav2_voxel_grid:/home/mihkel/School/ros-packages/nav2_ws/install/nav2_msgs:/home/mihkel/School/ros-packages/nav2_ws/install/bondcpp:/home/mihkel/School/ros-packages/nav2_ws/install/smclib:/home/mihkel/School/ros-packages/nav2_ws/install/nav2_common:/home/mihkel/School/ros-packages/nav2_ws/install/bond:${AMENT_PREFIX_PATH} CMAKE_PREFIX_PATH=/home/mihkel/School/ros-packages/nav2_ws/install/nav2_core:/home/mihkel/School/ros-packages/nav2_ws/install/nav2_costmap_2d:/home/mihkel/School/ros-packages/nav2_ws/install/nav2_util:/home/mihkel/School/ros-packages/nav2_ws/install/nav2_voxel_grid:/home/mihkel/School/ros-packages/nav2_ws/install/nav2_msgs:/home/mihkel/School/ros-packages/nav2_ws/install/bondcpp:/home/mihkel/School/ros-packages/nav2_ws/install/smclib:/home/mihkel/School/ros-packages/nav2_ws/install/nav2_common:/home/mihkel/School/ros-packages/nav2_ws/install/bond:/opt/ros/humble LD_LIBRARY_PATH=/home/mihkel/School/ros-packages/nav2_ws/install/nav2_costmap_2d/lib:/home/mihkel/School/ros-packages/nav2_ws/install/nav2_util/lib:/home/mihkel/School/ros-packages/nav2_ws/install/nav2_voxel_grid/lib:/home/mihkel/School/ros-packages/nav2_ws/install/nav2_msgs/lib:/home/mihkel/School/ros-packages/nav2_ws/install/bondcpp/lib:/home/mihkel/School/ros-packages/nav2_ws/install/bond/lib:${LD_LIBRARY_PATH} PYTHONPATH=/home/mihkel/School/ros-packages/nav2_ws/install/nav2_msgs/local/lib/python3.10/dist-packages:/home/mihkel/School/ros-packages/nav2_ws/install/smclib/local/lib/python3.10/dist-packages:/home/mihkel/School/ros-packages/nav2_ws/install/nav2_common/local/lib/python3.10/dist-packages:/home/mihkel/School/ros-packages/nav2_ws/install/bond/local/lib/python3.10/dist-packages:${PYTHONPATH} /home/mihkel/.local/bin/cmake /home/mihkel/School/ros-packages/nav2_ws/src/navigation2/nav2_mppi_controller -DAMENT_CMAKE_SYMLINK_INSTALL=1 -DCMAKE_INSTALL_PREFIX=/home/mihkel/School/ros-packages/nav2_ws/install/nav2_mppi_controller
[0.415s] -- The C compiler identification is GNU 11.4.0
[0.546s] -- The CXX compiler identification is GNU 11.4.0
[0.580s] -- Detecting C compiler ABI info
[0.712s] -- Detecting C compiler ABI info - done
[0.743s] -- Check for working C compiler: /usr/bin/cc - skipped
[0.743s] -- Detecting C compile features
[0.745s] -- Detecting C compile features - done
[0.765s] -- Detecting CXX compiler ABI info
[0.924s] -- Detecting CXX compiler ABI info - done
[0.955s] -- Check for working CXX compiler: /usr/bin/c++ - skipped
[0.956s] -- Detecting CXX compile features
[0.957s] -- Detecting CXX compile features - done
[0.964s] -- Found ament_cmake: 1.3.6 (/opt/ros/humble/share/ament_cmake/cmake)
[3.817s] -- Found Python3: /usr/bin/python3.10 (found version "3.10.12") found components: Interpreter 
[3.982s] -- Override CMake install command with custom implementation using symlinks instead of copying resources
[4.103s] -- Performing Test arch_native_supported
[4.253s] -- Performing Test arch_native_supported - Success
[4.271s] -- Found rclcpp: 16.0.7 (/opt/ros/humble/share/rclcpp/cmake)
[4.421s] -- Found rosidl_generator_c: 3.1.5 (/opt/ros/humble/share/rosidl_generator_c/cmake)
[4.440s] -- Found rosidl_adapter: 3.1.5 (/opt/ros/humble/share/rosidl_adapter/cmake)
[4.471s] -- Found rosidl_generator_cpp: 3.1.5 (/opt/ros/humble/share/rosidl_generator_cpp/cmake)
[4.522s] -- Using all available rosidl_typesupport_c: rosidl_typesupport_fastrtps_c;rosidl_typesupport_introspection_c
[4.594s] -- Using all available rosidl_typesupport_cpp: rosidl_typesupport_fastrtps_cpp;rosidl_typesupport_introspection_cpp
[4.843s] -- Found rmw_implementation_cmake: 6.1.1 (/opt/ros/humble/share/rmw_implementation_cmake/cmake)
[4.853s] -- Found rmw_fastrtps_cpp: 6.2.5 (/opt/ros/humble/share/rmw_fastrtps_cpp/cmake)
[5.116s] -- Found OpenSSL: /usr/lib/x86_64-linux-gnu/libcrypto.so (found version "3.0.2")  
[5.194s] -- Found FastRTPS: /opt/ros/humble/include  
[5.328s] -- Using RMW implementation 'rmw_fastrtps_cpp' as default
[5.360s] -- Performing Test CMAKE_HAVE_LIBC_PTHREAD
[5.495s] -- Performing Test CMAKE_HAVE_LIBC_PTHREAD - Success
[5.498s] -- Found Threads: TRUE  
[6.035s] -- Found nav2_common: 1.1.12 (/home/mihkel/School/ros-packages/nav2_ws/install/nav2_common/share/nav2_common/cmake)
[6.041s] -- Found pluginlib: 5.1.0 (/opt/ros/humble/share/pluginlib/cmake)
[6.119s] -- Found tf2: 0.25.5 (/opt/ros/humble/share/tf2/cmake)
[6.306s] -- Found visualization_msgs: 4.2.3 (/opt/ros/humble/share/visualization_msgs/cmake)
[6.986s] -- Found nav_msgs: 4.2.3 (/opt/ros/humble/share/nav_msgs/cmake)
[7.248s] -- Found nav2_core: 1.1.12 (/home/mihkel/School/ros-packages/nav2_ws/install/nav2_core/share/nav2_core/cmake)
[9.615s] -- Found Eigen3: TRUE (found version "3.4.0") 
[9.616s] -- Ensuring Eigen3 include directory is part of orocos-kdl CMake target
[14.328s] -- Found tf2_eigen: 0.25.5 (/opt/ros/humble/share/tf2_eigen/cmake)
[14.344s] -- Setting build type to Release as none was specified.
[14.346s] -- Performing Test COMPILER_SUPPORTS_AVX512
[14.499s] -- Performing Test COMPILER_SUPPORTS_AVX512 - Success
[14.501s] -- Performing Test COMPILER_SUPPORTS_SSE4
[14.651s] -- Performing Test COMPILER_SUPPORTS_SSE4 - Success
[14.653s] -- Performing Test COMPILER_SUPPORTS_AVX2
[14.810s] -- Performing Test COMPILER_SUPPORTS_AVX2 - Success
[14.813s] -- Performing Test COMPILER_SUPPORTS_FMA
[14.978s] -- Performing Test COMPILER_SUPPORTS_FMA - Success
[41.998s] -- Found ament_lint_auto: 0.12.9 (/opt/ros/humble/share/ament_lint_auto/cmake)
[42.005s] -- Found ament_cmake_gtest: 1.3.6 (/opt/ros/humble/share/ament_cmake_gtest/cmake)
[42.270s] -- Found gtest sources under '/opt/ros/humble/src/gtest_vendor': C++ tests using 'Google Test' will be built
[196.297s] -- Added test 'cppcheck' to perform static code analysis on C / C++ code
[196.299s] -- Configured cppcheck include dirs: /home/mihkel/School/ros-packages/nav2_ws/src/navigation2/nav2_mppi_controller/include
[196.299s] -- Configured cppcheck exclude dirs and/or files: 
[196.306s] -- Added test 'cpplint' to check C / C++ code against the Google style
[196.307s] -- Configured cpplint exclude dirs and/or files: 
[196.311s] -- Added test 'lint_cmake' to check CMake code style
[196.319s] -- Added test 'uncrustify' to check C / C++ code style
[196.319s] -- Configured uncrustify additional arguments: 
[196.321s] -- Added test 'xmllint' to check XML markup files
[196.331s] -- Configuring done (196.0s)
[197.841s] -- Generating done (1.3s)
[197.850s] -- Build files have been written to: /home/mihkel/School/ros-packages/nav2_ws/build/nav2_mppi_controller
[197.899s] Invoked command in '/home/mihkel/School/ros-packages/nav2_ws/build/nav2_mppi_controller' returned '0': AMENT_PREFIX_PATH=/home/mihkel/School/ros-packages/nav2_ws/install/nav2_core:/home/mihkel/School/ros-packages/nav2_ws/install/nav2_costmap_2d:/home/mihkel/School/ros-packages/nav2_ws/install/nav2_util:/home/mihkel/School/ros-packages/nav2_ws/install/nav2_voxel_grid:/home/mihkel/School/ros-packages/nav2_ws/install/nav2_msgs:/home/mihkel/School/ros-packages/nav2_ws/install/bondcpp:/home/mihkel/School/ros-packages/nav2_ws/install/smclib:/home/mihkel/School/ros-packages/nav2_ws/install/nav2_common:/home/mihkel/School/ros-packages/nav2_ws/install/bond:${AMENT_PREFIX_PATH} CMAKE_PREFIX_PATH=/home/mihkel/School/ros-packages/nav2_ws/install/nav2_core:/home/mihkel/School/ros-packages/nav2_ws/install/nav2_costmap_2d:/home/mihkel/School/ros-packages/nav2_ws/install/nav2_util:/home/mihkel/School/ros-packages/nav2_ws/install/nav2_voxel_grid:/home/mihkel/School/ros-packages/nav2_ws/install/nav2_msgs:/home/mihkel/School/ros-packages/nav2_ws/install/bondcpp:/home/mihkel/School/ros-packages/nav2_ws/install/smclib:/home/mihkel/School/ros-packages/nav2_ws/install/nav2_common:/home/mihkel/School/ros-packages/nav2_ws/install/bond:/opt/ros/humble LD_LIBRARY_PATH=/home/mihkel/School/ros-packages/nav2_ws/install/nav2_costmap_2d/lib:/home/mihkel/School/ros-packages/nav2_ws/install/nav2_util/lib:/home/mihkel/School/ros-packages/nav2_ws/install/nav2_voxel_grid/lib:/home/mihkel/School/ros-packages/nav2_ws/install/nav2_msgs/lib:/home/mihkel/School/ros-packages/nav2_ws/install/bondcpp/lib:/home/mihkel/School/ros-packages/nav2_ws/install/bond/lib:${LD_LIBRARY_PATH} PYTHONPATH=/home/mihkel/School/ros-packages/nav2_ws/install/nav2_msgs/local/lib/python3.10/dist-packages:/home/mihkel/School/ros-packages/nav2_ws/install/smclib/local/lib/python3.10/dist-packages:/home/mihkel/School/ros-packages/nav2_ws/install/nav2_common/local/lib/python3.10/dist-packages:/home/mihkel/School/ros-packages/nav2_ws/install/bond/local/lib/python3.10/dist-packages:${PYTHONPATH} /home/mihkel/.local/bin/cmake /home/mihkel/School/ros-packages/nav2_ws/src/navigation2/nav2_mppi_controller -DAMENT_CMAKE_SYMLINK_INSTALL=1 -DCMAKE_INSTALL_PREFIX=/home/mihkel/School/ros-packages/nav2_ws/install/nav2_mppi_controller
[197.903s] Invoking command in '/home/mihkel/School/ros-packages/nav2_ws/build/nav2_mppi_controller': AMENT_PREFIX_PATH=/home/mihkel/School/ros-packages/nav2_ws/install/nav2_core:/home/mihkel/School/ros-packages/nav2_ws/install/nav2_costmap_2d:/home/mihkel/School/ros-packages/nav2_ws/install/nav2_util:/home/mihkel/School/ros-packages/nav2_ws/install/nav2_voxel_grid:/home/mihkel/School/ros-packages/nav2_ws/install/nav2_msgs:/home/mihkel/School/ros-packages/nav2_ws/install/bondcpp:/home/mihkel/School/ros-packages/nav2_ws/install/smclib:/home/mihkel/School/ros-packages/nav2_ws/install/nav2_common:/home/mihkel/School/ros-packages/nav2_ws/install/bond:${AMENT_PREFIX_PATH} CMAKE_PREFIX_PATH=/home/mihkel/School/ros-packages/nav2_ws/install/nav2_core:/home/mihkel/School/ros-packages/nav2_ws/install/nav2_costmap_2d:/home/mihkel/School/ros-packages/nav2_ws/install/nav2_util:/home/mihkel/School/ros-packages/nav2_ws/install/nav2_voxel_grid:/home/mihkel/School/ros-packages/nav2_ws/install/nav2_msgs:/home/mihkel/School/ros-packages/nav2_ws/install/bondcpp:/home/mihkel/School/ros-packages/nav2_ws/install/smclib:/home/mihkel/School/ros-packages/nav2_ws/install/nav2_common:/home/mihkel/School/ros-packages/nav2_ws/install/bond:/opt/ros/humble LD_LIBRARY_PATH=/home/mihkel/School/ros-packages/nav2_ws/install/nav2_costmap_2d/lib:/home/mihkel/School/ros-packages/nav2_ws/install/nav2_util/lib:/home/mihkel/School/ros-packages/nav2_ws/install/nav2_voxel_grid/lib:/home/mihkel/School/ros-packages/nav2_ws/install/nav2_msgs/lib:/home/mihkel/School/ros-packages/nav2_ws/install/bondcpp/lib:/home/mihkel/School/ros-packages/nav2_ws/install/bond/lib:${LD_LIBRARY_PATH} PYTHONPATH=/home/mihkel/School/ros-packages/nav2_ws/install/nav2_msgs/local/lib/python3.10/dist-packages:/home/mihkel/School/ros-packages/nav2_ws/install/smclib/local/lib/python3.10/dist-packages:/home/mihkel/School/ros-packages/nav2_ws/install/nav2_common/local/lib/python3.10/dist-packages:/home/mihkel/School/ros-packages/nav2_ws/install/bond/local/lib/python3.10/dist-packages:${PYTHONPATH} /home/mihkel/.local/bin/cmake --build /home/mihkel/School/ros-packages/nav2_ws/build/nav2_mppi_controller -- -j12 -l12
[198.036s] [  2%] [32mBuilding CXX object gtest/CMakeFiles/gtest_main.dir/src/gtest_main.cc.o[0m
[198.038s] [  4%] [32mBuilding CXX object gtest/CMakeFiles/gtest.dir/src/gtest-all.cc.o[0m
[198.040s] [  6%] [32mBuilding CXX object CMakeFiles/mppi_controller.dir/src/controller.cpp.o[0m
[198.042s] [  8%] [32mBuilding CXX object CMakeFiles/mppi_controller.dir/src/optimizer.cpp.o[0m
[198.043s] [ 12%] [32mBuilding CXX object CMakeFiles/mppi_critics.dir/src/critics/obstacles_critic.cpp.o[0m
[198.043s] [ 12%] [32mBuilding CXX object CMakeFiles/mppi_controller.dir/src/critic_manager.cpp.o[0m
[198.043s] [ 14%] [32mBuilding CXX object CMakeFiles/mppi_controller.dir/src/trajectory_visualizer.cpp.o[0m
[198.044s] [ 17%] [32mBuilding CXX object CMakeFiles/mppi_critics.dir/src/critics/goal_critic.cpp.o[0m
[198.044s] [ 21%] [32mBuilding CXX object CMakeFiles/mppi_controller.dir/src/path_handler.cpp.o[0m
[198.044s] [ 21%] [32mBuilding CXX object CMakeFiles/mppi_critics.dir/src/critics/goal_angle_critic.cpp.o[0m
[198.045s] [ 23%] [32mBuilding CXX object CMakeFiles/mppi_controller.dir/src/parameters_handler.cpp.o[0m
[198.052s] [ 25%] [32mBuilding CXX object CMakeFiles/mppi_critics.dir/src/critics/path_align_critic.cpp.o[0m
[203.387s] [ 27%] [32m[1mLinking CXX static library libgtest_main.a[0m
[203.547s] [ 27%] Built target gtest_main
[203.583s] [ 29%] [32mBuilding CXX object CMakeFiles/mppi_critics.dir/src/critics/path_align_legacy_critic.cpp.o[0m
[218.839s] [ 31%] [32mBuilding CXX object CMakeFiles/mppi_controller.dir/src/noise_generator.cpp.o[0m
[248.177s] [ 34%] [32m[1mLinking CXX static library libgtest.a[0m
[248.461s] [ 34%] Built target gtest
[248.524s] [ 36%] [32mBuilding CXX object CMakeFiles/mppi_critics.dir/src/critics/path_follow_critic.cpp.o[0m
[255.266s] [ 38%] [32mBuilding CXX object CMakeFiles/mppi_critics.dir/src/critics/path_angle_critic.cpp.o[0m
[255.690s] [ 40%] [32mBuilding CXX object CMakeFiles/mppi_critics.dir/src/critics/prefer_forward_critic.cpp.o[0m
[257.662s] [ 42%] [32mBuilding CXX object CMakeFiles/mppi_critics.dir/src/critics/twirling_critic.cpp.o[0m
[258.117s] [ 44%] [32mBuilding CXX object CMakeFiles/mppi_critics.dir/src/critics/constraint_critic.cpp.o[0m
[293.638s] [ 46%] [32m[1mLinking CXX shared library libmppi_controller.so[0m
[294.687s] [ 46%] Built target mppi_controller
[294.747s] [ 48%] [32mBuilding CXX object test/CMakeFiles/optimizer_smoke_test.dir/optimizer_smoke_test.cpp.o[0m
[294.749s] [ 51%] [32mBuilding CXX object test/CMakeFiles/trajectory_visualizer_tests.dir/trajectory_visualizer_tests.cpp.o[0m
[294.750s] [ 53%] [32mBuilding CXX object test/CMakeFiles/models_test.dir/models_test.cpp.o[0m
[294.751s] [ 55%] [32mBuilding CXX object test/CMakeFiles/noise_generator_test.dir/noise_generator_test.cpp.o[0m
[294.755s] [ 57%] [32mBuilding CXX object test/CMakeFiles/parameter_handler_test.dir/parameter_handler_test.cpp.o[0m
[294.759s] [ 59%] [32mBuilding CXX object test/CMakeFiles/utils_test.dir/utils_test.cpp.o[0m
[294.762s] [ 61%] [32mBuilding CXX object test/CMakeFiles/controller_state_transition_test.dir/controller_state_transition_test.cpp.o[0m
[294.764s] [ 63%] [32mBuilding CXX object test/CMakeFiles/motion_model_tests.dir/motion_model_tests.cpp.o[0m
[294.935s] [ 65%] [32mBuilding CXX object test/CMakeFiles/path_handler_test.dir/path_handler_test.cpp.o[0m
[296.509s] [ 68%] [32mBuilding CXX object test/CMakeFiles/critic_manager_test.dir/critic_manager_test.cpp.o[0m
[318.611s] [ 70%] [32mBuilding CXX object test/CMakeFiles/optimizer_unit_tests.dir/optimizer_unit_tests.cpp.o[0m
[321.558s] [ 72%] [32m[1mLinking CXX shared library libmppi_critics.so[0m
[323.305s] [ 72%] Built target mppi_critics
[323.436s] [ 74%] [32mBuilding CXX object test/CMakeFiles/critics_tests.dir/critics_tests.cpp.o[0m
[324.382s] [01m[K/home/mihkel/School/ros-packages/nav2_ws/src/navigation2/nav2_mppi_controller/test/noise_generator_test.cpp:[m[K In member function â€˜[01m[Kvirtual void NoiseGeneratorTest_NoiseGeneratorLifecycle_Test::TestBody()[m[Kâ€™:
[324.383s] [01m[K/home/mihkel/School/ros-packages/nav2_ws/src/navigation2/nav2_mppi_controller/test/noise_generator_test.cpp:45:32:[m[K [01;31m[Kerror: [m[Kâ€˜[01m[Krclcpp_lifecycle[m[Kâ€™ was not declared in this scope
[324.383s]    45 |   auto node = std::make_shared<[01;31m[Krclcpp_lifecycle[m[K::LifecycleNode>("node");
[324.384s]       |                                [01;31m[K^~~~~~~~~~~~~~~~[m[K
[324.384s] [01m[K/home/mihkel/School/ros-packages/nav2_ws/src/navigation2/nav2_mppi_controller/test/noise_generator_test.cpp:45:20:[m[K [01;31m[Kerror: [m[Kparse error in template argument list
[324.384s]    45 |   auto node = std::[01;31m[Kmake_shared<rclcpp_lifecycle::LifecycleNode>[m[K("node");
[324.385s]       |                    [01;31m[K^~~~~~~~~~~~~~~~~~~~~~~~~~~~~~~~~~~~~~~~~~~~[m[K
[324.385s] [01m[K/home/mihkel/School/ros-packages/nav2_ws/src/navigation2/nav2_mppi_controller/test/noise_generator_test.cpp:45:64:[m[K [01;31m[Kerror: [m[Kno matching function for call to â€˜[01m[Kmake_shared<<expression error> >(const char [5])[m[Kâ€™
[324.386s]    45 |   auto node = [01;31m[Kstd::make_shared<rclcpp_lifecycle::LifecycleNode>("node")[m[K;
[324.386s]       |               [01;31m[K~~~~~~~~~~~~~~~~~~~~~~~~~~~~~~~~~~~~~~~~~~~~~~~~~^~~~~~~~[m[K
[324.386s] In file included from [01m[K/usr/include/c++/11/memory:77[m[K,
[324.387s]                  from [01m[K/opt/ros/humble/src/gtest_vendor/include/gtest/gtest.h:57[m[K,
[324.387s]                  from [01m[K/home/mihkel/School/ros-packages/nav2_ws/src/navigation2/nav2_mppi_controller/test/noise_generator_test.cpp:18[m[K:
[324.388s] [01m[K/usr/include/c++/11/bits/shared_ptr.h:875:5:[m[K [01;36m[Knote: [m[Kcandidate: â€˜[01m[Ktemplate<class _Tp, class ... _Args> std::shared_ptr<_Tp> std::make_shared(_Args&& ...)[m[Kâ€™
[324.388s]   875 |     [01;36m[Kmake_shared[m[K(_Args&&... __args)
[324.388s]       |     [01;36m[K^~~~~~~~~~~[m[K
[324.389s] [01m[K/usr/include/c++/11/bits/shared_ptr.h:875:5:[m[K [01;36m[Knote: [m[K  template argument deduction/substitution failed:
[324.389s] [01m[K/home/mihkel/School/ros-packages/nav2_ws/src/navigation2/nav2_mppi_controller/test/noise_generator_test.cpp:45:64:[m[K [01;31m[Kerror: [m[Ktemplate argument 1 is invalid
[324.390s]    45 |   auto node = [01;31m[Kstd::make_shared<rclcpp_lifecycle::LifecycleNode>("node")[m[K;
[324.390s]       |               [01;31m[K~~~~~~~~~~~~~~~~~~~~~~~~~~~~~~~~~~~~~~~~~~~~~~~~~^~~~~~~~[m[K
[324.548s] [01m[K/home/mihkel/School/ros-packages/nav2_ws/src/navigation2/nav2_mppi_controller/test/noise_generator_test.cpp:47:3:[m[K [01;31m[Kerror: [m[Kâ€˜[01m[KParametersHandler[m[Kâ€™ was not declared in this scope
[324.549s]    47 |   [01;31m[KParametersHandler[m[K handler(node);
[324.549s]       |   [01;31m[K^~~~~~~~~~~~~~~~~[m[K
[324.617s] [01m[K/home/mihkel/School/ros-packages/nav2_ws/src/navigation2/nav2_mppi_controller/test/noise_generator_test.cpp:49:55:[m[K [01;31m[Kerror: [m[Kâ€˜[01m[Khandler[m[Kâ€™ was not declared in this scope
[324.618s]    49 |   generator.initialize(settings, false, "test_name", &[01;31m[Khandler[m[K);
[324.618s]       |                                                       [01;31m[K^~~~~~~[m[K
[324.849s] [01m[K/home/mihkel/School/ros-packages/nav2_ws/src/navigation2/nav2_mppi_controller/test/noise_generator_test.cpp:[m[K In member function â€˜[01m[Kvirtual void NoiseGeneratorTest_NoiseGeneratorMain_Test::TestBody()[m[Kâ€™:
[324.850s] [01m[K/home/mihkel/School/ros-packages/nav2_ws/src/navigation2/nav2_mppi_controller/test/noise_generator_test.cpp:57:32:[m[K [01;31m[Kerror: [m[Kâ€˜[01m[Krclcpp_lifecycle[m[Kâ€™ was not declared in this scope
[324.850s]    57 |   auto node = std::make_shared<[01;31m[Krclcpp_lifecycle[m[K::LifecycleNode>("node");
[324.851s]       |                                [01;31m[K^~~~~~~~~~~~~~~~[m[K
[324.851s] [01m[K/home/mihkel/School/ros-packages/nav2_ws/src/navigation2/nav2_mppi_controller/test/noise_generator_test.cpp:57:20:[m[K [01;31m[Kerror: [m[Kparse error in template argument list
[324.851s]    57 |   auto node = std::[01;31m[Kmake_shared<rclcpp_lifecycle::LifecycleNode>[m[K("node");
[324.852s]       |                    [01;31m[K^~~~~~~~~~~~~~~~~~~~~~~~~~~~~~~~~~~~~~~~~~~~[m[K
[324.852s] [01m[K/home/mihkel/School/ros-packages/nav2_ws/src/navigation2/nav2_mppi_controller/test/noise_generator_test.cpp:57:64:[m[K [01;31m[Kerror: [m[Kno matching function for call to â€˜[01m[Kmake_shared<<expression error> >(const char [5])[m[Kâ€™
[324.853s]    57 |   auto node = [01;31m[Kstd::make_shared<rclcpp_lifecycle::LifecycleNode>("node")[m[K;
[324.853s]       |               [01;31m[K~~~~~~~~~~~~~~~~~~~~~~~~~~~~~~~~~~~~~~~~~~~~~~~~~^~~~~~~~[m[K
[324.853s] In file included from [01m[K/usr/include/c++/11/memory:77[m[K,
[324.854s]                  from [01m[K/opt/ros/humble/src/gtest_vendor/include/gtest/gtest.h:57[m[K,
[324.854s]                  from [01m[K/home/mihkel/School/ros-packages/nav2_ws/src/navigation2/nav2_mppi_controller/test/noise_generator_test.cpp:18[m[K:
[324.854s] [01m[K/usr/include/c++/11/bits/shared_ptr.h:875:5:[m[K [01;36m[Knote: [m[Kcandidate: â€˜[01m[Ktemplate<class _Tp, class ... _Args> std::shared_ptr<_Tp> std::make_shared(_Args&& ...)[m[Kâ€™
[324.855s]   875 |     [01;36m[Kmake_shared[m[K(_Args&&... __args)
[324.855s]       |     [01;36m[K^~~~~~~~~~~[m[K
[324.856s] [01m[K/usr/include/c++/11/bits/shared_ptr.h:875:5:[m[K [01;36m[Knote: [m[K  template argument deduction/substitution failed:
[324.856s] [01m[K/home/mihkel/School/ros-packages/nav2_ws/src/navigation2/nav2_mppi_controller/test/noise_generator_test.cpp:57:64:[m[K [01;31m[Kerror: [m[Ktemplate argument 1 is invalid
[324.856s]    57 |   auto node = [01;31m[Kstd::make_shared<rclcpp_lifecycle::LifecycleNode>("node")[m[K;
[324.857s]       |               [01;31m[K~~~~~~~~~~~~~~~~~~~~~~~~~~~~~~~~~~~~~~~~~~~~~~~~~^~~~~~~~[m[K
[325.157s] [01m[K/home/mihkel/School/ros-packages/nav2_ws/src/navigation2/nav2_mppi_controller/test/noise_generator_test.cpp:59:3:[m[K [01;31m[Kerror: [m[Kâ€˜[01m[KParametersHandler[m[Kâ€™ was not declared in this scope
[325.157s]    59 |   [01;31m[KParametersHandler[m[K handler(node);
[325.157s]       |   [01;31m[K^~~~~~~~~~~~~~~~~[m[K
[325.231s] [01m[K/home/mihkel/School/ros-packages/nav2_ws/src/navigation2/nav2_mppi_controller/test/noise_generator_test.cpp:81:55:[m[K [01;31m[Kerror: [m[Kâ€˜[01m[Khandler[m[Kâ€™ was not declared in this scope
[325.232s]    81 |   generator.initialize(settings, false, "test_name", &[01;31m[Khandler[m[K);
[325.233s]       |                                                       [01;31m[K^~~~~~~[m[K
[328.030s] [ 76%] [32m[1mLinking CXX executable parameter_handler_test[0m
[329.611s] gmake[2]: *** [test/CMakeFiles/noise_generator_test.dir/build.make:76: test/CMakeFiles/noise_generator_test.dir/noise_generator_test.cpp.o] Error 1
[329.612s] gmake[1]: *** [CMakeFiles/Makefile2:334: test/CMakeFiles/noise_generator_test.dir/all] Error 2
[329.613s] gmake[1]: *** Waiting for unfinished jobs....
[330.460s] [ 76%] Built target parameter_handler_test
[336.293s] [ 78%] [32m[1mLinking CXX executable models_test[0m
[337.858s] [ 78%] Built target models_test
[344.115s] [ 80%] [32m[1mLinking CXX executable path_handler_test[0m
[346.088s] [ 82%] [32m[1mLinking CXX executable motion_model_tests[0m
[346.265s] [ 82%] Built target path_handler_test
[347.936s] [ 82%] Built target motion_model_tests
[362.656s] [ 85%] [32m[1mLinking CXX executable utils_test[0m
[364.000s] [ 85%] Built target utils_test
[364.184s] [ 87%] [32m[1mLinking CXX executable controller_state_transition_test[0m
[365.595s] [ 87%] Built target controller_state_transition_test
[366.815s] [ 89%] [32m[1mLinking CXX executable critic_manager_test[0m
[368.222s] [ 89%] Built target critic_manager_test
[371.943s] [ 91%] [32m[1mLinking CXX executable optimizer_smoke_test[0m
[373.174s] [ 91%] Built target optimizer_smoke_test
[388.411s] [ 93%] [32m[1mLinking CXX executable optimizer_unit_tests[0m
[388.911s] [ 95%] [32m[1mLinking CXX executable trajectory_visualizer_tests[0m
[389.628s] [ 95%] Built target optimizer_unit_tests
[390.116s] [ 95%] Built target trajectory_visualizer_tests
[390.592s] [ 97%] [32m[1mLinking CXX executable critics_tests[0m
[391.611s] [ 97%] Built target critics_tests
[391.612s] gmake: *** [Makefile:146: all] Error 2
[391.630s] Invoked command in '/home/mihkel/School/ros-packages/nav2_ws/build/nav2_mppi_controller' returned '2': AMENT_PREFIX_PATH=/home/mihkel/School/ros-packages/nav2_ws/install/nav2_core:/home/mihkel/School/ros-packages/nav2_ws/install/nav2_costmap_2d:/home/mihkel/School/ros-packages/nav2_ws/install/nav2_util:/home/mihkel/School/ros-packages/nav2_ws/install/nav2_voxel_grid:/home/mihkel/School/ros-packages/nav2_ws/install/nav2_msgs:/home/mihkel/School/ros-packages/nav2_ws/install/bondcpp:/home/mihkel/School/ros-packages/nav2_ws/install/smclib:/home/mihkel/School/ros-packages/nav2_ws/install/nav2_common:/home/mihkel/School/ros-packages/nav2_ws/install/bond:${AMENT_PREFIX_PATH} CMAKE_PREFIX_PATH=/home/mihkel/School/ros-packages/nav2_ws/install/nav2_core:/home/mihkel/School/ros-packages/nav2_ws/install/nav2_costmap_2d:/home/mihkel/School/ros-packages/nav2_ws/install/nav2_util:/home/mihkel/School/ros-packages/nav2_ws/install/nav2_voxel_grid:/home/mihkel/School/ros-packages/nav2_ws/install/nav2_msgs:/home/mihkel/School/ros-packages/nav2_ws/install/bondcpp:/home/mihkel/School/ros-packages/nav2_ws/install/smclib:/home/mihkel/School/ros-packages/nav2_ws/install/nav2_common:/home/mihkel/School/ros-packages/nav2_ws/install/bond:/opt/ros/humble LD_LIBRARY_PATH=/home/mihkel/School/ros-packages/nav2_ws/install/nav2_costmap_2d/lib:/home/mihkel/School/ros-packages/nav2_ws/install/nav2_util/lib:/home/mihkel/School/ros-packages/nav2_ws/install/nav2_voxel_grid/lib:/home/mihkel/School/ros-packages/nav2_ws/install/nav2_msgs/lib:/home/mihkel/School/ros-packages/nav2_ws/install/bondcpp/lib:/home/mihkel/School/ros-packages/nav2_ws/install/bond/lib:${LD_LIBRARY_PATH} PYTHONPATH=/home/mihkel/School/ros-packages/nav2_ws/install/nav2_msgs/local/lib/python3.10/dist-packages:/home/mihkel/School/ros-packages/nav2_ws/install/smclib/local/lib/python3.10/dist-packages:/home/mihkel/School/ros-packages/nav2_ws/install/nav2_common/local/lib/python3.10/dist-packages:/home/mihkel/School/ros-packages/nav2_ws/install/bond/local/lib/python3.10/dist-packages:${PYTHONPATH} /home/mihkel/.local/bin/cmake --build /home/mihkel/School/ros-packages/nav2_ws/build/nav2_mppi_controller -- -j12 -l12
