[0.443s] Invoking command in '/home/mihkel/School/ros-packages/nav2_ws/build/image_geometry': CMAKE_PREFIX_PATH=/opt/ros/humble /home/mihkel/.local/bin/cmake /home/mihkel/School/ros-packages/nav2_ws/src/ros-perception/vision_opencv/image_geometry -DAMENT_CMAKE_SYMLINK_INSTALL=1 -DCMAKE_INSTALL_PREFIX=/home/mihkel/School/ros-packages/nav2_ws/install/image_geometry
[0.678s] -- The C compiler identification is GNU 11.4.0
[0.896s] -- The CXX compiler identification is GNU 11.4.0
[0.945s] -- Detecting C compiler ABI info
[1.146s] -- Detecting C compiler ABI info - done
[1.186s] -- Check for working C compiler: /usr/bin/cc - skipped
[1.187s] -- Detecting C compile features
[1.189s] -- Detecting C compile features - done
[1.221s] -- Detecting CXX compiler ABI info
[1.441s] -- Detecting CXX compiler ABI info - done
[1.505s] -- Check for working CXX compiler: /usr/bin/c++ - skipped
[1.506s] -- Detecting CXX compile features
[1.509s] -- Detecting CXX compile features - done
[1.520s] -- Found ament_cmake_python: 1.3.6 (/opt/ros/humble/share/ament_cmake_python/cmake)
[1.530s] -- Found ament_cmake_ros: 0.10.0 (/opt/ros/humble/share/ament_cmake_ros/cmake)
[7.624s] -- Found Python3: /usr/bin/python3.10 (found version "3.10.12") found components: Interpreter 
[8.279s] -- Override CMake install command with custom implementation using symlinks instead of copying resources
[9.724s] -- Found OpenCV: /usr (found version "4.5.4") found components: calib3d core highgui imgproc 
[9.756s] -- Found sensor_msgs: 4.2.3 (/opt/ros/humble/share/sensor_msgs/cmake)
[10.115s] -- Found rosidl_generator_c: 3.1.5 (/opt/ros/humble/share/rosidl_generator_c/cmake)
[10.154s] -- Found rosidl_adapter: 3.1.5 (/opt/ros/humble/share/rosidl_adapter/cmake)
[10.248s] -- Found rosidl_generator_cpp: 3.1.5 (/opt/ros/humble/share/rosidl_generator_cpp/cmake)
[10.397s] -- Using all available rosidl_typesupport_c: rosidl_typesupport_fastrtps_c;rosidl_typesupport_introspection_c
[10.682s] -- Using all available rosidl_typesupport_cpp: rosidl_typesupport_fastrtps_cpp;rosidl_typesupport_introspection_cpp
[14.667s] -- Found gtest sources under '/opt/ros/humble/src/gtest_vendor': C++ tests using 'Google Test' will be built
[14.712s] -- Performing Test CMAKE_HAVE_LIBC_PTHREAD
[15.390s] -- Performing Test CMAKE_HAVE_LIBC_PTHREAD - Success
[15.410s] -- Found Threads: TRUE  
[15.922s] -- Configuring done (15.4s)
[16.181s] -- Generating done (0.2s)
[16.217s] -- Build files have been written to: /home/mihkel/School/ros-packages/nav2_ws/build/image_geometry
[17.903s] Invoked command in '/home/mihkel/School/ros-packages/nav2_ws/build/image_geometry' returned '0': CMAKE_PREFIX_PATH=/opt/ros/humble /home/mihkel/.local/bin/cmake /home/mihkel/School/ros-packages/nav2_ws/src/ros-perception/vision_opencv/image_geometry -DAMENT_CMAKE_SYMLINK_INSTALL=1 -DCMAKE_INSTALL_PREFIX=/home/mihkel/School/ros-packages/nav2_ws/install/image_geometry
[17.932s] Invoking command in '/home/mihkel/School/ros-packages/nav2_ws/build/image_geometry': CMAKE_PREFIX_PATH=/opt/ros/humble /home/mihkel/.local/bin/cmake --build /home/mihkel/School/ros-packages/nav2_ws/build/image_geometry -- -j12 -l12
[18.517s] [ 11%] [32mBuilding CXX object CMakeFiles/image_geometry.dir/src/pinhole_camera_model.cpp.o[0m
[18.526s] [ 22%] [32mBuilding CXX object CMakeFiles/image_geometry.dir/src/stereo_camera_model.cpp.o[0m
[18.560s] [ 22%] Built target ament_cmake_python_symlink_image_geometry
[18.560s] [ 33%] [32mBuilding CXX object gtest/CMakeFiles/gtest_main.dir/src/gtest_main.cc.o[0m
[18.561s] [ 44%] [32mBuilding CXX object gtest/CMakeFiles/gtest.dir/src/gtest-all.cc.o[0m
[23.851s] running egg_info
[23.854s] creating image_geometry.egg-info
[23.875s] writing image_geometry.egg-info/PKG-INFO
[23.886s] writing dependency_links to image_geometry.egg-info/dependency_links.txt
[23.910s] writing top-level names to image_geometry.egg-info/top_level.txt
[23.913s] writing manifest file 'image_geometry.egg-info/SOURCES.txt'
[23.947s] reading manifest file 'image_geometry.egg-info/SOURCES.txt'
[23.961s] writing manifest file 'image_geometry.egg-info/SOURCES.txt'
[24.315s] [ 44%] Built target ament_cmake_python_build_image_geometry_egg
[24.903s] [ 55%] [32m[1mLinking CXX static library libgtest_main.a[0m
[25.104s] [ 55%] Built target gtest_main
[30.848s] [ 66%] [32m[1mLinking CXX shared library libimage_geometry.so[0m
[31.907s] [ 66%] Built target image_geometry
[45.027s] [ 77%] [32m[1mLinking CXX static library libgtest.a[0m
[45.620s] [ 77%] Built target gtest
[45.775s] [ 88%] [32mBuilding CXX object CMakeFiles/image_geometry-utest.dir/test/utest.cpp.o[0m
[53.836s] Traceback (most recent call last):
[53.837s]   File "/home/mihkel/.local/bin/cmake", line 8, in <module>
[53.837s]     sys.exit(cmake())
[53.838s]   File "/home/mihkel/.local/lib/python3.10/site-packages/cmake/__init__.py", line 47, in cmake
[53.840s]     raise SystemExit(_program('cmake', sys.argv[1:]))
[53.854s]   File "/home/mihkel/.local/lib/python3.10/site-packages/cmake/__init__.py", line 43, in _program
[53.854s]     return subprocess.call([os.path.join(CMAKE_BIN_DIR, name)] + args, close_fds=False)
[53.854s]   File "/usr/lib/python3.10/subprocess.py", line 347, in call
[53.855s] gmake[2]: *** wait: No child processes.  Stop.
[53.855s] gmake[2]: *** Waiting for unfinished jobs....
[53.856s] gmake[2]: *** wait: No child processes.  Stop.
[53.872s] gmake[1]: *** [CMakeFiles/Makefile2:240: CMakeFiles/image_geometry-utest.dir/all] Error 2
[53.872s] gmake: *** [Makefile:146: all] Interrupt
[53.873s]     return p.wait(timeout=timeout)
[53.873s]   File "/usr/lib/python3.10/subprocess.py", line 1209, in wait
[53.873s]     return self._wait(timeout=timeout)
[53.873s]   File "/usr/lib/python3.10/subprocess.py", line 1959, in _wait
[53.905s]     (pid, sts) = self._try_wait(0)
[53.905s]   File "/usr/lib/python3.10/subprocess.py", line 1917, in _try_wait
[53.905s]     (pid, sts) = os.waitpid(self.pid, wait_flags)
[53.907s] KeyboardInterrupt
